2023-10-03 15:42:20,923.Netflix_Producer.INFO ==================================================
2023-10-03 15:42:20,924.Netflix_Producer.INFO Today is 2023-10-03 at 03:42 PM
2023-10-03 15:42:20,924.Netflix_Producer.INFO Running on: nt Windows 10
2023-10-03 15:42:20,925.Netflix_Producer.INFO Python version:  3.9.12
2023-10-03 15:42:20,926.Netflix_Producer.INFO Python path: C:\Users\alhal\miniconda3
2023-10-03 15:42:20,926.Netflix_Producer.INFO Working dir: C:\Users\alhal\OneDrive\Documents\44-671\Module07_Netflix
2023-10-03 15:42:20,926.Netflix_Producer.INFO ==================================================
2023-10-03 15:42:20,944.Netflix_Producer.INFO  [x] Sent b'5/23/2002,1.196429014'
2023-10-03 15:42:20,952.Netflix_Producer.INFO  [x] Sent b'5/23/2002,1.156429052'
2023-10-03 15:42:20,960.Netflix_Producer.INFO  [x] Sent b'5/23/2002,104790000'
2023-10-03 15:42:21,974.Netflix_Producer.INFO  [x] Sent b'5/24/2002,1.210000038'
2023-10-03 15:42:21,981.Netflix_Producer.INFO  [x] Sent b'5/24/2002,1.21428597'
2023-10-03 15:42:21,987.Netflix_Producer.INFO  [x] Sent b'5/24/2002,11104800'
2023-10-03 15:42:23,004.Netflix_Producer.INFO  [x] Sent b'5/28/2002,1.157142997'
2023-10-03 15:42:23,014.Netflix_Producer.INFO  [x] Sent b'5/28/2002,1.213570952'
2023-10-03 15:42:23,023.Netflix_Producer.INFO  [x] Sent b'5/28/2002,6609400'
2023-10-03 15:42:24,043.Netflix_Producer.INFO  [x] Sent b'5/29/2002,1.103571057'
2023-10-03 15:42:24,052.Netflix_Producer.INFO  [x] Sent b'5/29/2002,1.164286017'
2023-10-03 15:42:24,058.Netflix_Producer.INFO  [x] Sent b'5/29/2002,6757800'
2023-10-03 15:42:25,071.Netflix_Producer.INFO  [x] Sent b'5/30/2002,1.071429014'
2023-10-03 15:42:25,077.Netflix_Producer.INFO  [x] Sent b'5/30/2002,1.107856989'
2023-10-03 15:42:25,082.Netflix_Producer.INFO  [x] Sent b'5/30/2002,10154200'
2023-10-03 15:42:26,096.Netflix_Producer.INFO  [x] Sent b'5/31/2002,1.076429009'
2023-10-03 15:42:26,104.Netflix_Producer.INFO  [x] Sent b'5/31/2002,1.078570962'
2023-10-03 15:42:26,111.Netflix_Producer.INFO  [x] Sent b'5/31/2002,8464400'
2023-10-03 15:42:27,124.Netflix_Producer.INFO  [x] Sent b'6/3/2002,1.128571033'
2023-10-03 15:42:27,131.Netflix_Producer.INFO  [x] Sent b'6/3/2002,1.080000043'
2023-10-03 15:42:27,138.Netflix_Producer.INFO  [x] Sent b'6/3/2002,3151400'
2023-10-03 15:42:28,161.Netflix_Producer.INFO  [x] Sent b'6/4/2002,1.117856979'
2023-10-03 15:42:28,173.Netflix_Producer.INFO  [x] Sent b'6/4/2002,1.135714054'
2023-10-03 15:42:28,178.Netflix_Producer.INFO  [x] Sent b'6/4/2002,3105200'
2023-10-03 15:42:29,192.Netflix_Producer.INFO  [x] Sent b'6/5/2002,1.147143006'
2023-10-03 15:42:29,203.Netflix_Producer.INFO  [x] Sent b'6/5/2002,1.110713959'
2023-10-03 15:42:29,208.Netflix_Producer.INFO  [x] Sent b'6/5/2002,1531600'
2023-10-03 15:42:30,231.Netflix_Producer.INFO  [x] Sent b'6/6/2002,1.182142973'
2023-10-03 15:42:30,239.Netflix_Producer.INFO  [x] Sent b'6/6/2002,1.149999976'
2023-10-03 15:42:30,244.Netflix_Producer.INFO  [x] Sent b'6/6/2002,2305800'
2023-10-03 15:42:31,262.Netflix_Producer.INFO  [x] Sent b'6/7/2002,1.118571043'
2023-10-03 15:42:31,271.Netflix_Producer.INFO  [x] Sent b'6/7/2002,1.177857041'
2023-10-03 15:42:31,279.Netflix_Producer.INFO  [x] Sent b'6/7/2002,1369200'
2023-10-03 15:42:32,304.Netflix_Producer.INFO  [x] Sent b'6/10/2002,1.156429052'
2023-10-03 15:42:32,314.Netflix_Producer.INFO  [x] Sent b'6/10/2002,1.13499999'
2023-10-03 15:42:32,322.Netflix_Producer.INFO  [x] Sent b'6/10/2002,484400'
2023-10-03 15:42:33,339.Netflix_Producer.INFO  [x] Sent b'6/11/2002,1.15357101'
2023-10-03 15:42:33,349.Netflix_Producer.INFO  [x] Sent b'6/11/2002,1.156429052'
2023-10-03 15:42:33,355.Netflix_Producer.INFO  [x] Sent b'6/11/2002,1003800'
2023-10-03 15:42:34,381.Netflix_Producer.INFO  [x] Sent b'6/12/2002,1.092857003'
2023-10-03 15:42:34,391.Netflix_Producer.INFO  [x] Sent b'6/12/2002,1.15357101'
2023-10-03 15:42:34,400.Netflix_Producer.INFO  [x] Sent b'6/12/2002,1799000'
2023-10-03 15:42:35,425.Netflix_Producer.INFO  [x] Sent b'6/13/2002,1.082857013'
2023-10-03 15:42:35,436.Netflix_Producer.INFO  [x] Sent b'6/13/2002,1.104285955'
2023-10-03 15:42:35,442.Netflix_Producer.INFO  [x] Sent b'6/13/2002,2567600'
2023-10-03 15:42:36,462.Netflix_Producer.INFO  [x] Sent b'6/14/2002,0.986428976'
2023-10-03 15:42:36,473.Netflix_Producer.INFO  [x] Sent b'6/14/2002,1.082142949'
2023-10-03 15:42:36,479.Netflix_Producer.INFO  [x] Sent b'6/14/2002,4783800'
2023-10-03 15:42:37,493.Netflix_Producer.INFO  [x] Sent b'6/17/2002,0.922142982'
2023-10-03 15:42:37,519.Netflix_Producer.INFO  [x] Sent b'6/17/2002,1.013571024'
2023-10-03 15:42:37,529.Netflix_Producer.INFO  [x] Sent b'6/17/2002,4855200'
2023-10-03 15:42:38,550.Netflix_Producer.INFO  [x] Sent b'6/18/2002,0.910713971'
2023-10-03 15:42:38,557.Netflix_Producer.INFO  [x] Sent b'6/18/2002,0.938570976'
2023-10-03 15:42:38,564.Netflix_Producer.INFO  [x] Sent b'6/18/2002,10808000'
2023-10-03 15:42:39,576.Netflix_Producer.INFO  [x] Sent b'6/19/2002,0.951429009'
2023-10-03 15:42:39,584.Netflix_Producer.INFO  [x] Sent b'6/19/2002,0.911428988'
2023-10-03 15:42:39,590.Netflix_Producer.INFO  [x] Sent b'6/19/2002,5482400'
2023-10-03 15:42:40,609.Netflix_Producer.INFO  [x] Sent b'6/20/2002,0.957143009'
2023-10-03 15:42:40,618.Netflix_Producer.INFO  [x] Sent b'6/20/2002,0.97142899'
2023-10-03 15:42:40,627.Netflix_Producer.INFO  [x] Sent b'6/20/2002,6111000'
2023-10-03 15:42:41,654.Netflix_Producer.INFO  [x] Sent b'6/21/2002,0.979286015'
2023-10-03 15:42:41,664.Netflix_Producer.INFO  [x] Sent b'6/21/2002,0.982142985'
2023-10-03 15:42:41,674.Netflix_Producer.INFO  [x] Sent b'6/21/2002,2346400'
2023-10-03 15:42:42,695.Netflix_Producer.INFO  [x] Sent b'6/24/2002,0.978570998'
2023-10-03 15:42:42,703.Netflix_Producer.INFO  [x] Sent b'6/24/2002,0.979286015'
2023-10-03 15:42:42,712.Netflix_Producer.INFO  [x] Sent b'6/24/2002,2567600'
2023-10-03 15:42:43,731.Netflix_Producer.INFO  [x] Sent b'6/25/2002,0.964286029'
2023-10-03 15:42:43,736.Netflix_Producer.INFO  [x] Sent b'6/25/2002,0.988570988'
2023-10-03 15:42:43,742.Netflix_Producer.INFO  [x] Sent b'6/25/2002,3941000'
2023-10-03 15:42:44,762.Netflix_Producer.INFO  [x] Sent b'6/26/2002,0.988570988'
2023-10-03 15:42:44,774.Netflix_Producer.INFO  [x] Sent b'6/26/2002,0.963571012'
2023-10-03 15:42:44,781.Netflix_Producer.INFO  [x] Sent b'6/26/2002,2924600'
2023-10-03 15:42:45,819.Netflix_Producer.INFO  [x] Sent b'6/27/2002,0.943570971'
2023-10-03 15:42:45,828.Netflix_Producer.INFO  [x] Sent b'6/27/2002,1.009286046'
2023-10-03 15:42:45,838.Netflix_Producer.INFO  [x] Sent b'6/27/2002,3817800'
2023-10-03 15:42:46,867.Netflix_Producer.INFO  [x] Sent b'6/28/2002,0.999285996'
2023-10-03 15:42:46,877.Netflix_Producer.INFO  [x] Sent b'6/28/2002,0.960713983'
2023-10-03 15:42:46,884.Netflix_Producer.INFO  [x] Sent b'6/28/2002,9234400'
2023-10-03 15:42:47,909.Netflix_Producer.INFO  [x] Sent b'7/1/2002,1.027856946'
2023-10-03 15:42:47,923.Netflix_Producer.INFO  [x] Sent b'7/1/2002,1'
2023-10-03 15:42:47,932.Netflix_Producer.INFO  [x] Sent b'7/1/2002,4585000'
2023-10-03 15:42:48,950.Netflix_Producer.INFO  [x] Sent b'7/2/2002,1.172857046'
2023-10-03 15:42:48,964.Netflix_Producer.INFO  [x] Sent b'7/2/2002,1.053570986'
2023-10-03 15:42:48,974.Netflix_Producer.INFO  [x] Sent b'7/2/2002,9020200'
2023-10-03 15:42:49,993.Netflix_Producer.INFO  [x] Sent b'7/3/2002,1.21428597'
2023-10-03 15:42:50,008.Netflix_Producer.INFO  [x] Sent b'7/3/2002,1.178570986'
2023-10-03 15:42:50,016.Netflix_Producer.INFO  [x] Sent b'7/3/2002,4957400'
2023-10-03 15:42:51,033.Netflix_Producer.INFO  [x] Sent b'7/5/2002,1.276429057'
2023-10-03 15:42:51,050.Netflix_Producer.INFO  [x] Sent b'7/5/2002,1.21428597'
2023-10-03 15:42:51,059.Netflix_Producer.INFO  [x] Sent b'7/5/2002,2003400'
2023-10-03 15:42:52,079.Netflix_Producer.INFO  [x] Sent b'7/8/2002,1.175714016'
2023-10-03 15:42:52,092.Netflix_Producer.INFO  [x] Sent b'7/8/2002,1.252143025'
2023-10-03 15:42:52,099.Netflix_Producer.INFO  [x] Sent b'7/8/2002,1953000'
2023-10-03 15:42:53,124.Netflix_Producer.INFO  [x] Sent b'7/9/2002,1.16071403'
2023-10-03 15:42:53,134.Netflix_Producer.INFO  [x] Sent b'7/9/2002,1.174999952'
2023-10-03 15:42:53,141.Netflix_Producer.INFO  [x] Sent b'7/9/2002,2935800'
2023-10-03 15:42:54,166.Netflix_Producer.INFO  [x] Sent b'7/10/2002,1.163571'
2023-10-03 15:42:54,175.Netflix_Producer.INFO  [x] Sent b'7/10/2002,1.161429048'
2023-10-03 15:42:54,182.Netflix_Producer.INFO  [x] Sent b'7/10/2002,1554000'
2023-10-03 15:42:55,206.Netflix_Producer.INFO  [x] Sent b'7/11/2002,1.269286036'
2023-10-03 15:42:55,215.Netflix_Producer.INFO  [x] Sent b'7/11/2002,1.154286027'
2023-10-03 15:42:55,222.Netflix_Producer.INFO  [x] Sent b'7/11/2002,2529800'
2023-10-03 15:42:56,248.Netflix_Producer.INFO  [x] Sent b'7/12/2002,1.207857013'
2023-10-03 15:42:56,258.Netflix_Producer.INFO  [x] Sent b'7/12/2002,1.27857101'
2023-10-03 15:42:56,265.Netflix_Producer.INFO  [x] Sent b'7/12/2002,2837800'
2023-10-03 15:42:57,289.Netflix_Producer.INFO  [x] Sent b'7/15/2002,1.142856956'
2023-10-03 15:42:57,300.Netflix_Producer.INFO  [x] Sent b'7/15/2002,1.242856979'
2023-10-03 15:42:57,306.Netflix_Producer.INFO  [x] Sent b'7/15/2002,4239200'
2023-10-03 15:42:58,321.Netflix_Producer.INFO  [x] Sent b'7/16/2002,1.126428962'
2023-10-03 15:42:58,350.Netflix_Producer.INFO  [x] Sent b'7/16/2002,1.152856946'
2023-10-03 15:42:58,359.Netflix_Producer.INFO  [x] Sent b'7/16/2002,1941800'
2023-10-03 15:42:59,391.Netflix_Producer.INFO  [x] Sent b'7/17/2002,1.08928597'
2023-10-03 15:42:59,402.Netflix_Producer.INFO  [x] Sent b'7/17/2002,1.144999981'
2023-10-03 15:42:59,409.Netflix_Producer.INFO  [x] Sent b'7/17/2002,1261400'
2023-10-03 15:43:00,420.Netflix_Producer.INFO  [x] Sent b'7/18/2002,1.149286032'
2023-10-03 15:43:00,428.Netflix_Producer.INFO  [x] Sent b'7/18/2002,1.117143035'
2023-10-03 15:43:00,433.Netflix_Producer.INFO  [x] Sent b'7/18/2002,2899400'
2023-10-03 15:43:01,453.Netflix_Producer.INFO  [x] Sent b'7/19/2002,1.159999967'
2023-10-03 15:43:01,462.Netflix_Producer.INFO  [x] Sent b'7/19/2002,1.152856946'
2023-10-03 15:43:01,470.Netflix_Producer.INFO  [x] Sent b'7/19/2002,1792000'
2023-10-03 15:43:02,486.Netflix_Producer.INFO  [x] Sent b'7/22/2002,1.170714021'
2023-10-03 15:43:02,491.Netflix_Producer.INFO  [x] Sent b'7/22/2002,1.135714054'
2023-10-03 15:43:02,497.Netflix_Producer.INFO  [x] Sent b'7/22/2002,1993600'
2023-10-03 15:43:03,509.Netflix_Producer.INFO  [x] Sent b'7/23/2002,1.146428943'
2023-10-03 15:43:03,515.Netflix_Producer.INFO  [x] Sent b'7/23/2002,1.176429033'
2023-10-03 15:43:03,520.Netflix_Producer.INFO  [x] Sent b'7/23/2002,1577800'
2023-10-03 15:43:04,536.Netflix_Producer.INFO  [x] Sent b'7/24/2002,1.114285946'
2023-10-03 15:43:04,542.Netflix_Producer.INFO  [x] Sent b'7/24/2002,1.146428943'
2023-10-03 15:43:04,548.Netflix_Producer.INFO  [x] Sent b'7/24/2002,3355800'
2023-10-03 15:43:05,561.Netflix_Producer.INFO  [x] Sent b'7/25/2002,1.036429048'
2023-10-03 15:43:05,571.Netflix_Producer.INFO  [x] Sent b'7/25/2002,1.125'
2023-10-03 15:43:05,577.Netflix_Producer.INFO  [x] Sent b'7/25/2002,4755800'
2023-10-03 15:43:06,587.Netflix_Producer.INFO  [x] Sent b'7/26/2002,0.871429026'
2023-10-03 15:43:06,594.Netflix_Producer.INFO  [x] Sent b'7/26/2002,1.049999952'
2023-10-03 15:43:06,598.Netflix_Producer.INFO  [x] Sent b'7/26/2002,7046200'
2023-10-03 15:43:07,608.Netflix_Producer.INFO  [x] Sent b'7/29/2002,0.876429021'
2023-10-03 15:43:07,615.Netflix_Producer.INFO  [x] Sent b'7/29/2002,0.896429002'
2023-10-03 15:43:07,622.Netflix_Producer.INFO  [x] Sent b'7/29/2002,3260600'
2023-10-03 15:43:08,633.Netflix_Producer.INFO  [x] Sent b'7/30/2002,0.914286017'
2023-10-03 15:43:08,644.Netflix_Producer.INFO  [x] Sent b'7/30/2002,0.893571019'
2023-10-03 15:43:08,649.Netflix_Producer.INFO  [x] Sent b'7/30/2002,3777200'
2023-10-03 15:43:09,659.Netflix_Producer.INFO  [x] Sent b'7/31/2002,0.953571022'
2023-10-03 15:43:09,665.Netflix_Producer.INFO  [x] Sent b'7/31/2002,0.928570986'
2023-10-03 15:43:09,673.Netflix_Producer.INFO  [x] Sent b'7/31/2002,3333400'
2023-10-03 15:43:10,688.Netflix_Producer.INFO  [x] Sent b'8/1/2002,0.891429007'
2023-10-03 15:43:10,699.Netflix_Producer.INFO  [x] Sent b'8/1/2002,0.949999988'
2023-10-03 15:43:10,704.Netflix_Producer.INFO  [x] Sent b'8/1/2002,4529000'
2023-10-03 15:43:11,714.Netflix_Producer.INFO  [x] Sent b'8/2/2002,0.777857006'
2023-10-03 15:43:11,723.Netflix_Producer.INFO  [x] Sent b'8/2/2002,0.886429012'
2023-10-03 15:43:11,729.Netflix_Producer.INFO  [x] Sent b'8/2/2002,6655600'
2023-10-03 15:43:12,743.Netflix_Producer.INFO  [x] Sent b'8/5/2002,0.774999976'
2023-10-03 15:43:12,755.Netflix_Producer.INFO  [x] Sent b'8/5/2002,0.77857101'
2023-10-03 15:43:12,761.Netflix_Producer.INFO  [x] Sent b'8/5/2002,3808000'
2023-10-03 15:43:13,784.Netflix_Producer.INFO  [x] Sent b'8/6/2002,0.760713995'
2023-10-03 15:43:13,793.Netflix_Producer.INFO  [x] Sent b'8/6/2002,0.795714021'
2023-10-03 15:43:13,801.Netflix_Producer.INFO  [x] Sent b'8/6/2002,3217200'
2023-10-03 15:43:14,827.Netflix_Producer.INFO  [x] Sent b'8/7/2002,0.793570995'
2023-10-03 15:43:14,838.Netflix_Producer.INFO  [x] Sent b'8/7/2002,0.760713995'
2023-10-03 15:43:14,844.Netflix_Producer.INFO  [x] Sent b'8/7/2002,2758000'
2023-10-03 15:43:15,854.Netflix_Producer.INFO  [x] Sent b'8/8/2002,0.796428978'
2023-10-03 15:43:15,861.Netflix_Producer.INFO  [x] Sent b'8/8/2002,0.796428978'
2023-10-03 15:43:15,867.Netflix_Producer.INFO  [x] Sent b'8/8/2002,2283400'
2023-10-03 15:43:16,888.Netflix_Producer.INFO  [x] Sent b'8/9/2002,0.787142992'
2023-10-03 15:43:16,899.Netflix_Producer.INFO  [x] Sent b'8/9/2002,0.798570991'
2023-10-03 15:43:16,906.Netflix_Producer.INFO  [x] Sent b'8/9/2002,1500800'
2023-10-03 15:43:17,931.Netflix_Producer.INFO  [x] Sent b'8/12/2002,0.757143021'
2023-10-03 15:43:17,942.Netflix_Producer.INFO  [x] Sent b'8/12/2002,0.802856982'
2023-10-03 15:43:17,949.Netflix_Producer.INFO  [x] Sent b'8/12/2002,2130800'
2023-10-03 15:43:18,974.Netflix_Producer.INFO  [x] Sent b'8/13/2002,0.77285701'
2023-10-03 15:43:18,983.Netflix_Producer.INFO  [x] Sent b'8/13/2002,0.767857015'
2023-10-03 15:43:18,990.Netflix_Producer.INFO  [x] Sent b'8/13/2002,1677200'
2023-10-03 15:43:20,000.Netflix_Producer.INFO  [x] Sent b'8/14/2002,0.833571017'
2023-10-03 15:43:20,013.Netflix_Producer.INFO  [x] Sent b'8/14/2002,0.77571398'
2023-10-03 15:43:20,022.Netflix_Producer.INFO  [x] Sent b'8/14/2002,4047400'
2023-10-03 15:43:21,038.Netflix_Producer.INFO  [x] Sent b'8/15/2002,0.882857025'
2023-10-03 15:43:21,048.Netflix_Producer.INFO  [x] Sent b'8/15/2002,0.837143004'
2023-10-03 15:43:21,053.Netflix_Producer.INFO  [x] Sent b'8/15/2002,3263400'
2023-10-03 15:43:22,062.Netflix_Producer.INFO  [x] Sent b'8/16/2002,0.912856996'
2023-10-03 15:43:22,068.Netflix_Producer.INFO  [x] Sent b'8/16/2002,0.892857015'
2023-10-03 15:43:22,074.Netflix_Producer.INFO  [x] Sent b'8/16/2002,1828400'
2023-10-03 15:43:23,084.Netflix_Producer.INFO  [x] Sent b'8/19/2002,0.982142985'
2023-10-03 15:43:23,092.Netflix_Producer.INFO  [x] Sent b'8/19/2002,0.925000012'
2023-10-03 15:43:23,097.Netflix_Producer.INFO  [x] Sent b'8/19/2002,2074800'
2023-10-03 15:43:24,120.Netflix_Producer.INFO  [x] Sent b'8/20/2002,0.946429014'
2023-10-03 15:43:24,127.Netflix_Producer.INFO  [x] Sent b'8/20/2002,0.985000014'
2023-10-03 15:43:24,133.Netflix_Producer.INFO  [x] Sent b'8/20/2002,2539600'
2023-10-03 15:43:25,143.Netflix_Producer.INFO  [x] Sent b'8/21/2002,0.968571007'
2023-10-03 15:43:25,151.Netflix_Producer.INFO  [x] Sent b'8/21/2002,0.952857018'
2023-10-03 15:43:25,158.Netflix_Producer.INFO  [x] Sent b'8/21/2002,2779000'
2023-10-03 15:43:26,169.Netflix_Producer.INFO  [x] Sent b'8/22/2002,0.983570993'
2023-10-03 15:43:26,174.Netflix_Producer.INFO  [x] Sent b'8/22/2002,0.973571002'
2023-10-03 15:43:26,180.Netflix_Producer.INFO  [x] Sent b'8/22/2002,2963800'
2023-10-03 15:43:27,194.Netflix_Producer.INFO  [x] Sent b'8/23/2002,0.993570983'
2023-10-03 15:43:27,204.Netflix_Producer.INFO  [x] Sent b'8/23/2002,0.993570983'
2023-10-03 15:43:27,211.Netflix_Producer.INFO  [x] Sent b'8/23/2002,2406600'
2023-10-03 15:43:28,221.Netflix_Producer.INFO  [x] Sent b'8/26/2002,0.967857003'
2023-10-03 15:43:28,228.Netflix_Producer.INFO  [x] Sent b'8/26/2002,0.996429026'
2023-10-03 15:43:28,234.Netflix_Producer.INFO  [x] Sent b'8/26/2002,2644600'
2023-10-03 15:43:29,244.Netflix_Producer.INFO  [x] Sent b'8/27/2002,0.873570979'
2023-10-03 15:43:29,250.Netflix_Producer.INFO  [x] Sent b'8/27/2002,0.967857003'
2023-10-03 15:43:29,257.Netflix_Producer.INFO  [x] Sent b'8/27/2002,4984000'
2023-10-03 15:43:30,341.Netflix_Producer.INFO  [x] Sent b'8/28/2002,0.864286005'
2023-10-03 15:43:30,402.Netflix_Producer.INFO  [x] Sent b'8/28/2002,0.861428976'
2023-10-03 15:43:30,601.Netflix_Producer.INFO  [x] Sent b'8/28/2002,2275000'
2023-10-03 15:43:31,692.Netflix_Producer.INFO  [x] Sent b'8/29/2002,0.90357101'
2023-10-03 15:43:31,699.Netflix_Producer.INFO  [x] Sent b'8/29/2002,0.832857013'
2023-10-03 15:43:31,705.Netflix_Producer.INFO  [x] Sent b'8/29/2002,2395400'
2023-10-03 15:43:32,719.Netflix_Producer.INFO  [x] Sent b'8/30/2002,0.936429024'
2023-10-03 15:43:32,727.Netflix_Producer.INFO  [x] Sent b'8/30/2002,0.914286017'
2023-10-03 15:43:32,737.Netflix_Producer.INFO  [x] Sent b'8/30/2002,2121000'
2023-10-03 15:43:33,758.Netflix_Producer.INFO  [x] Sent b'9/3/2002,0.925000012'
2023-10-03 15:43:33,765.Netflix_Producer.INFO  [x] Sent b'9/3/2002,0.936429024'
2023-10-03 15:43:33,771.Netflix_Producer.INFO  [x] Sent b'9/3/2002,1593200'
2023-10-03 15:43:34,786.Netflix_Producer.INFO  [x] Sent b'9/4/2002,0.928570986'
2023-10-03 15:43:34,793.Netflix_Producer.INFO  [x] Sent b'9/4/2002,0.925714016'
2023-10-03 15:43:34,801.Netflix_Producer.INFO  [x] Sent b'9/4/2002,373800'
2023-10-03 15:43:35,825.Netflix_Producer.INFO  [x] Sent b'9/5/2002,0.917856991'
2023-10-03 15:43:35,834.Netflix_Producer.INFO  [x] Sent b'9/5/2002,0.917856991'
2023-10-03 15:43:35,840.Netflix_Producer.INFO  [x] Sent b'9/5/2002,285600'
2023-10-03 15:43:36,864.Netflix_Producer.INFO  [x] Sent b'9/6/2002,0.914286017'
2023-10-03 15:43:36,872.Netflix_Producer.INFO  [x] Sent b'9/6/2002,0.927856982'
2023-10-03 15:43:36,877.Netflix_Producer.INFO  [x] Sent b'9/6/2002,763000'
2023-10-03 15:43:37,891.Netflix_Producer.INFO  [x] Sent b'9/9/2002,0.901428998'
2023-10-03 15:43:37,898.Netflix_Producer.INFO  [x] Sent b'9/9/2002,0.919286013'
2023-10-03 15:43:37,904.Netflix_Producer.INFO  [x] Sent b'9/9/2002,1419600'
2023-10-03 15:43:38,944.Netflix_Producer.INFO  [x] Sent b'9/10/2002,0.944999993'
2023-10-03 15:43:38,974.Netflix_Producer.INFO  [x] Sent b'9/10/2002,0.90071398'
2023-10-03 15:43:39,005.Netflix_Producer.INFO  [x] Sent b'9/10/2002,4746000'
2023-10-03 15:43:40,028.Netflix_Producer.INFO  [x] Sent b'9/11/2002,0.961429'
2023-10-03 15:43:40,035.Netflix_Producer.INFO  [x] Sent b'9/11/2002,0.938570976'
2023-10-03 15:43:40,044.Netflix_Producer.INFO  [x] Sent b'9/11/2002,1629600'
2023-10-03 15:43:41,057.Netflix_Producer.INFO  [x] Sent b'9/12/2002,0.925000012'
2023-10-03 15:43:41,069.Netflix_Producer.INFO  [x] Sent b'9/12/2002,0.962857008'
2023-10-03 15:43:41,077.Netflix_Producer.INFO  [x] Sent b'9/12/2002,1943200'
2023-10-03 15:43:42,102.Netflix_Producer.INFO  [x] Sent b'9/13/2002,0.878570974'
2023-10-03 15:43:42,110.Netflix_Producer.INFO  [x] Sent b'9/13/2002,0.921428978'
2023-10-03 15:43:42,115.Netflix_Producer.INFO  [x] Sent b'9/13/2002,2485000'
2023-10-03 15:43:43,128.Netflix_Producer.INFO  [x] Sent b'9/16/2002,0.857142985'
2023-10-03 15:43:43,138.Netflix_Producer.INFO  [x] Sent b'9/16/2002,0.892143011'
2023-10-03 15:43:43,146.Netflix_Producer.INFO  [x] Sent b'9/16/2002,3512600'
2023-10-03 15:43:44,169.Netflix_Producer.INFO  [x] Sent b'9/17/2002,0.829999983'
2023-10-03 15:43:44,179.Netflix_Producer.INFO  [x] Sent b'9/17/2002,0.863570988'
2023-10-03 15:43:44,186.Netflix_Producer.INFO  [x] Sent b'9/17/2002,2863000'
2023-10-03 15:43:45,211.Netflix_Producer.INFO  [x] Sent b'9/18/2002,0.787856996'
2023-10-03 15:43:45,222.Netflix_Producer.INFO  [x] Sent b'9/18/2002,0.836429'
2023-10-03 15:43:45,229.Netflix_Producer.INFO  [x] Sent b'9/18/2002,1521800'
2023-10-03 15:43:46,249.Netflix_Producer.INFO  [x] Sent b'9/19/2002,0.72428602'
2023-10-03 15:43:46,257.Netflix_Producer.INFO  [x] Sent b'9/19/2002,0.785000026'
2023-10-03 15:43:46,264.Netflix_Producer.INFO  [x] Sent b'9/19/2002,4978400'
2023-10-03 15:43:47,279.Netflix_Producer.INFO  [x] Sent b'9/20/2002,0.707857013'
2023-10-03 15:43:47,291.Netflix_Producer.INFO  [x] Sent b'9/20/2002,0.753570974'
2023-10-03 15:43:47,297.Netflix_Producer.INFO  [x] Sent b'9/20/2002,3484600'
2023-10-03 15:43:48,321.Netflix_Producer.INFO  [x] Sent b'9/23/2002,0.711429'
2023-10-03 15:43:48,328.Netflix_Producer.INFO  [x] Sent b'9/23/2002,0.714286029'
2023-10-03 15:43:48,334.Netflix_Producer.INFO  [x] Sent b'9/23/2002,4839800'
2023-10-03 15:43:49,346.Netflix_Producer.INFO  [x] Sent b'9/24/2002,0.717857003'
2023-10-03 15:43:49,356.Netflix_Producer.INFO  [x] Sent b'9/24/2002,0.711429'
2023-10-03 15:43:49,365.Netflix_Producer.INFO  [x] Sent b'9/24/2002,3747800'
2023-10-03 15:43:50,381.Netflix_Producer.INFO  [x] Sent b'9/25/2002,0.732142985'
2023-10-03 15:43:50,389.Netflix_Producer.INFO  [x] Sent b'9/25/2002,0.72428602'
2023-10-03 15:43:50,397.Netflix_Producer.INFO  [x] Sent b'9/25/2002,1457400'
2023-10-03 15:43:51,422.Netflix_Producer.INFO  [x] Sent b'9/26/2002,0.782857001'
2023-10-03 15:43:51,433.Netflix_Producer.INFO  [x] Sent b'9/26/2002,0.748570979'
2023-10-03 15:43:51,441.Netflix_Producer.INFO  [x] Sent b'9/26/2002,4162200'
2023-10-03 15:43:52,469.Netflix_Producer.INFO  [x] Sent b'9/27/2002,0.720000029'
2023-10-03 15:43:52,480.Netflix_Producer.INFO  [x] Sent b'9/27/2002,0.776428998'
2023-10-03 15:43:52,489.Netflix_Producer.INFO  [x] Sent b'9/27/2002,5105800'
2023-10-03 15:43:53,504.Netflix_Producer.INFO  [x] Sent b'9/30/2002,0.692857027'
2023-10-03 15:43:53,516.Netflix_Producer.INFO  [x] Sent b'9/30/2002,0.707143009'
2023-10-03 15:43:53,523.Netflix_Producer.INFO  [x] Sent b'9/30/2002,4837000'
2023-10-03 15:43:54,536.Netflix_Producer.INFO  [x] Sent b'10/1/2002,0.678570986'
2023-10-03 15:43:54,546.Netflix_Producer.INFO  [x] Sent b'10/1/2002,0.709285975'
2023-10-03 15:43:54,552.Netflix_Producer.INFO  [x] Sent b'10/1/2002,3850000'
2023-10-03 15:43:55,577.Netflix_Producer.INFO  [x] Sent b'10/2/2002,0.578571022'
2023-10-03 15:43:55,587.Netflix_Producer.INFO  [x] Sent b'10/2/2002,0.688570976'
2023-10-03 15:43:55,593.Netflix_Producer.INFO  [x] Sent b'10/2/2002,9314200'
2023-10-03 15:43:56,617.Netflix_Producer.INFO  [x] Sent b'10/3/2002,0.517857015'
2023-10-03 15:43:56,627.Netflix_Producer.INFO  [x] Sent b'10/3/2002,0.569285989'
2023-10-03 15:43:56,635.Netflix_Producer.INFO  [x] Sent b'10/3/2002,9765000'
2023-10-03 15:43:57,654.Netflix_Producer.INFO  [x] Sent b'10/4/2002,0.468571007'
2023-10-03 15:43:57,664.Netflix_Producer.INFO  [x] Sent b'10/4/2002,0.517857015'
2023-10-03 15:43:57,674.Netflix_Producer.INFO  [x] Sent b'10/4/2002,8433600'
2023-10-03 15:43:58,688.Netflix_Producer.INFO  [x] Sent b'10/7/2002,0.412142992'
2023-10-03 15:43:58,697.Netflix_Producer.INFO  [x] Sent b'10/7/2002,0.449999988'
2023-10-03 15:43:58,705.Netflix_Producer.INFO  [x] Sent b'10/7/2002,15724800'
2023-10-03 15:43:59,717.Netflix_Producer.INFO  [x] Sent b'10/8/2002,0.405000001'
2023-10-03 15:43:59,727.Netflix_Producer.INFO  [x] Sent b'10/8/2002,0.410714'
2023-10-03 15:43:59,732.Netflix_Producer.INFO  [x] Sent b'10/8/2002,4531800'
2023-10-03 15:44:00,745.Netflix_Producer.INFO  [x] Sent b'10/9/2002,0.372857004'
2023-10-03 15:44:00,754.Netflix_Producer.INFO  [x] Sent b'10/9/2002,0.409999996'
2023-10-03 15:44:00,761.Netflix_Producer.INFO  [x] Sent b'10/9/2002,5982200'
2023-10-03 15:44:01,775.Netflix_Producer.INFO  [x] Sent b'10/10/2002,0.506429017'
2023-10-03 15:44:01,784.Netflix_Producer.INFO  [x] Sent b'10/10/2002,0.377857'
2023-10-03 15:44:01,791.Netflix_Producer.INFO  [x] Sent b'10/10/2002,13577200'
2023-10-03 15:44:02,812.Netflix_Producer.INFO  [x] Sent b'10/11/2002,0.470714003'
2023-10-03 15:44:02,822.Netflix_Producer.INFO  [x] Sent b'10/11/2002,0.508571029'
2023-10-03 15:44:02,828.Netflix_Producer.INFO  [x] Sent b'10/11/2002,13281800'
2023-10-03 15:44:03,853.Netflix_Producer.INFO  [x] Sent b'10/14/2002,0.534286022'
2023-10-03 15:44:03,866.Netflix_Producer.INFO  [x] Sent b'10/14/2002,0.464286'
2023-10-03 15:44:03,876.Netflix_Producer.INFO  [x] Sent b'10/14/2002,5272400'
2023-10-03 15:44:04,893.Netflix_Producer.INFO  [x] Sent b'10/15/2002,0.550000012'
2023-10-03 15:44:04,901.Netflix_Producer.INFO  [x] Sent b'10/15/2002,0.542856991'
2023-10-03 15:44:04,908.Netflix_Producer.INFO  [x] Sent b'10/15/2002,4125800'
2023-10-03 15:44:05,920.Netflix_Producer.INFO  [x] Sent b'10/16/2002,0.459286004'
2023-10-03 15:44:05,929.Netflix_Producer.INFO  [x] Sent b'10/16/2002,0.529286027'
2023-10-03 15:44:05,936.Netflix_Producer.INFO  [x] Sent b'10/16/2002,5800200'
2023-10-03 15:44:06,972.Netflix_Producer.INFO  [x] Sent b'10/17/2002,0.550000012'
2023-10-03 15:44:06,981.Netflix_Producer.INFO  [x] Sent b'10/17/2002,0.472142994'
2023-10-03 15:44:06,991.Netflix_Producer.INFO  [x] Sent b'10/17/2002,7481600'
2023-10-03 15:44:08,016.Netflix_Producer.INFO  [x] Sent b'10/18/2002,0.682856977'
2023-10-03 15:44:08,026.Netflix_Producer.INFO  [x] Sent b'10/18/2002,0.585713983'
2023-10-03 15:44:08,033.Netflix_Producer.INFO  [x] Sent b'10/18/2002,24904600'
2023-10-03 15:44:09,059.Netflix_Producer.INFO  [x] Sent b'10/21/2002,0.636429012'
2023-10-03 15:44:09,067.Netflix_Producer.INFO  [x] Sent b'10/21/2002,0.638571024'
2023-10-03 15:44:09,074.Netflix_Producer.INFO  [x] Sent b'10/21/2002,9686600'
2023-10-03 15:44:10,095.Netflix_Producer.INFO  [x] Sent b'10/22/2002,0.625'
2023-10-03 15:44:10,104.Netflix_Producer.INFO  [x] Sent b'10/22/2002,0.635713995'
2023-10-03 15:44:10,113.Netflix_Producer.INFO  [x] Sent b'10/22/2002,4263000'
2023-10-03 15:44:11,136.Netflix_Producer.INFO  [x] Sent b'10/23/2002,0.589286029'
2023-10-03 15:44:11,146.Netflix_Producer.INFO  [x] Sent b'10/23/2002,0.625'
2023-10-03 15:44:11,152.Netflix_Producer.INFO  [x] Sent b'10/23/2002,3539200'
2023-10-03 15:44:12,164.Netflix_Producer.INFO  [x] Sent b'10/24/2002,0.579285979'
2023-10-03 15:44:12,173.Netflix_Producer.INFO  [x] Sent b'10/24/2002,0.606428981'
2023-10-03 15:44:12,182.Netflix_Producer.INFO  [x] Sent b'10/24/2002,2431800'
2023-10-03 15:44:13,203.Netflix_Producer.INFO  [x] Sent b'10/25/2002,0.642857015'
2023-10-03 15:44:13,214.Netflix_Producer.INFO  [x] Sent b'10/25/2002,0.579999983'
2023-10-03 15:44:13,222.Netflix_Producer.INFO  [x] Sent b'10/25/2002,6447000'
2023-10-03 15:44:14,247.Netflix_Producer.INFO  [x] Sent b'10/28/2002,0.685714006'
2023-10-03 15:44:14,257.Netflix_Producer.INFO  [x] Sent b'10/28/2002,0.664286017'
2023-10-03 15:44:14,263.Netflix_Producer.INFO  [x] Sent b'10/28/2002,5647600'
2023-10-03 15:44:15,283.Netflix_Producer.INFO  [x] Sent b'10/29/2002,0.657142997'
2023-10-03 15:44:15,298.Netflix_Producer.INFO  [x] Sent b'10/29/2002,0.675000012'
2023-10-03 15:44:15,307.Netflix_Producer.INFO  [x] Sent b'10/29/2002,2004800'
2023-10-03 15:44:16,321.Netflix_Producer.INFO  [x] Sent b'10/30/2002,0.641429007'
2023-10-03 15:44:16,330.Netflix_Producer.INFO  [x] Sent b'10/30/2002,0.663571'
2023-10-03 15:44:16,338.Netflix_Producer.INFO  [x] Sent b'10/30/2002,1423800'
2023-10-03 15:44:17,360.Netflix_Producer.INFO  [x] Sent b'10/31/2002,0.64071399'
2023-10-03 15:44:17,369.Netflix_Producer.INFO  [x] Sent b'10/31/2002,0.636429012'
2023-10-03 15:44:17,376.Netflix_Producer.INFO  [x] Sent b'10/31/2002,1659000'
2023-10-03 15:44:18,401.Netflix_Producer.INFO  [x] Sent b'11/1/2002,0.638571024'
2023-10-03 15:44:18,412.Netflix_Producer.INFO  [x] Sent b'11/1/2002,0.628570974'
2023-10-03 15:44:18,421.Netflix_Producer.INFO  [x] Sent b'11/1/2002,2126600'
2023-10-03 15:44:19,435.Netflix_Producer.INFO  [x] Sent b'11/4/2002,0.671428978'
2023-10-03 15:44:19,443.Netflix_Producer.INFO  [x] Sent b'11/4/2002,0.642857015'
2023-10-03 15:44:19,452.Netflix_Producer.INFO  [x] Sent b'11/4/2002,3589600'
2023-10-03 15:44:20,475.Netflix_Producer.INFO  [x] Sent b'11/5/2002,0.651428998'
2023-10-03 15:44:20,486.Netflix_Producer.INFO  [x] Sent b'11/5/2002,0.672142982'
2023-10-03 15:44:20,494.Netflix_Producer.INFO  [x] Sent b'11/5/2002,1045800'
2023-10-03 15:44:21,509.Netflix_Producer.INFO  [x] Sent b'11/6/2002,0.629285991'
2023-10-03 15:44:21,517.Netflix_Producer.INFO  [x] Sent b'11/6/2002,0.664286017'
2023-10-03 15:44:21,528.Netflix_Producer.INFO  [x] Sent b'11/6/2002,7032200'
2023-10-03 15:44:22,552.Netflix_Producer.INFO  [x] Sent b'11/7/2002,0.592857003'
2023-10-03 15:44:22,564.Netflix_Producer.INFO  [x] Sent b'11/7/2002,0.632143021'
2023-10-03 15:44:22,575.Netflix_Producer.INFO  [x] Sent b'11/7/2002,2585800'
2023-10-03 15:44:23,590.Netflix_Producer.INFO  [x] Sent b'11/8/2002,0.610714018'
2023-10-03 15:44:23,602.Netflix_Producer.INFO  [x] Sent b'11/8/2002,0.605000019'
2023-10-03 15:44:23,610.Netflix_Producer.INFO  [x] Sent b'11/8/2002,4922400'
2023-10-03 15:44:24,635.Netflix_Producer.INFO  [x] Sent b'11/11/2002,0.600714028'
2023-10-03 15:44:24,646.Netflix_Producer.INFO  [x] Sent b'11/11/2002,0.607142985'
2023-10-03 15:44:24,655.Netflix_Producer.INFO  [x] Sent b'11/11/2002,371000'
2023-10-03 15:44:25,677.Netflix_Producer.INFO  [x] Sent b'11/12/2002,0.577857018'
2023-10-03 15:44:25,688.Netflix_Producer.INFO  [x] Sent b'11/12/2002,0.600000024'
2023-10-03 15:44:25,694.Netflix_Producer.INFO  [x] Sent b'11/12/2002,2191000'
2023-10-03 15:44:26,706.Netflix_Producer.INFO  [x] Sent b'11/13/2002,0.641429007'
2023-10-03 15:44:26,716.Netflix_Producer.INFO  [x] Sent b'11/13/2002,0.579285979'
2023-10-03 15:44:26,724.Netflix_Producer.INFO  [x] Sent b'11/13/2002,3231200'
2023-10-03 15:44:27,745.Netflix_Producer.INFO  [x] Sent b'11/14/2002,0.618570983'
2023-10-03 15:44:27,755.Netflix_Producer.INFO  [x] Sent b'11/14/2002,0.642857015'
2023-10-03 15:44:27,761.Netflix_Producer.INFO  [x] Sent b'11/14/2002,931000'
2023-10-03 15:44:28,785.Netflix_Producer.INFO  [x] Sent b'11/15/2002,0.649999976'
2023-10-03 15:44:28,797.Netflix_Producer.INFO  [x] Sent b'11/15/2002,0.642143011'
2023-10-03 15:44:28,806.Netflix_Producer.INFO  [x] Sent b'11/15/2002,2045400'
2023-10-03 15:44:29,830.Netflix_Producer.INFO  [x] Sent b'11/18/2002,0.77857101'
2023-10-03 15:44:29,838.Netflix_Producer.INFO  [x] Sent b'11/18/2002,0.648571014'
2023-10-03 15:44:29,845.Netflix_Producer.INFO  [x] Sent b'11/18/2002,10061800'
2023-10-03 15:44:30,870.Netflix_Producer.INFO  [x] Sent b'11/19/2002,0.664286017'
2023-10-03 15:44:30,879.Netflix_Producer.INFO  [x] Sent b'11/19/2002,0.720000029'
2023-10-03 15:44:30,887.Netflix_Producer.INFO  [x] Sent b'11/19/2002,28194600'
2023-10-03 15:44:31,899.Netflix_Producer.INFO  [x] Sent b'11/20/2002,0.717142999'
2023-10-03 15:44:31,907.Netflix_Producer.INFO  [x] Sent b'11/20/2002,0.674286008'
2023-10-03 15:44:31,913.Netflix_Producer.INFO  [x] Sent b'11/20/2002,10085600'
2023-10-03 15:44:32,938.Netflix_Producer.INFO  [x] Sent b'11/21/2002,0.785713971'
2023-10-03 15:44:32,947.Netflix_Producer.INFO  [x] Sent b'11/21/2002,0.728570998'
2023-10-03 15:44:32,954.Netflix_Producer.INFO  [x] Sent b'11/21/2002,10516800'
2023-10-03 15:44:33,964.Netflix_Producer.INFO  [x] Sent b'11/22/2002,0.786428988'
2023-10-03 15:44:33,974.Netflix_Producer.INFO  [x] Sent b'11/22/2002,0.757143021'
2023-10-03 15:44:33,982.Netflix_Producer.INFO  [x] Sent b'11/22/2002,4492600'
2023-10-03 15:44:34,996.Netflix_Producer.INFO  [x] Sent b'11/25/2002,0.792856991'
2023-10-03 15:44:35,006.Netflix_Producer.INFO  [x] Sent b'11/25/2002,0.792856991'
2023-10-03 15:44:35,014.Netflix_Producer.INFO  [x] Sent b'11/25/2002,4771200'
2023-10-03 15:44:36,030.Netflix_Producer.INFO  [x] Sent b'11/26/2002,0.749285996'
2023-10-03 15:44:36,041.Netflix_Producer.INFO  [x] Sent b'11/26/2002,0.771429002'
2023-10-03 15:44:36,049.Netflix_Producer.INFO  [x] Sent b'11/26/2002,1771000'
2023-10-03 15:44:37,059.Netflix_Producer.INFO  [x] Sent b'11/27/2002,0.751429021'
2023-10-03 15:44:37,066.Netflix_Producer.INFO  [x] Sent b'11/27/2002,0.761429012'
2023-10-03 15:44:37,073.Netflix_Producer.INFO  [x] Sent b'11/27/2002,1069600'
2023-10-03 15:44:38,087.Netflix_Producer.INFO  [x] Sent b'11/29/2002,0.774999976'
2023-10-03 15:44:38,098.Netflix_Producer.INFO  [x] Sent b'11/29/2002,0.75'
2023-10-03 15:44:38,106.Netflix_Producer.INFO  [x] Sent b'11/29/2002,932400'
2023-10-03 15:44:39,123.Netflix_Producer.INFO  [x] Sent b'12/2/2002,0.761429012'
2023-10-03 15:44:39,132.Netflix_Producer.INFO  [x] Sent b'12/2/2002,0.742856979'
2023-10-03 15:44:39,139.Netflix_Producer.INFO  [x] Sent b'12/2/2002,2009000'
2023-10-03 15:44:40,152.Netflix_Producer.INFO  [x] Sent b'12/3/2002,0.770713985'
2023-10-03 15:44:40,161.Netflix_Producer.INFO  [x] Sent b'12/3/2002,0.75'
2023-10-03 15:44:40,168.Netflix_Producer.INFO  [x] Sent b'12/3/2002,1164800'
2023-10-03 15:44:41,184.Netflix_Producer.INFO  [x] Sent b'12/4/2002,0.709999979'
2023-10-03 15:44:41,192.Netflix_Producer.INFO  [x] Sent b'12/4/2002,0.742856979'
2023-10-03 15:44:41,198.Netflix_Producer.INFO  [x] Sent b'12/4/2002,2468200'
2023-10-03 15:44:42,221.Netflix_Producer.INFO  [x] Sent b'12/5/2002,0.785713971'
2023-10-03 15:44:42,234.Netflix_Producer.INFO  [x] Sent b'12/5/2002,0.858570993'
2023-10-03 15:44:42,241.Netflix_Producer.INFO  [x] Sent b'12/5/2002,12632200'
2023-10-03 15:44:43,252.Netflix_Producer.INFO  [x] Sent b'12/6/2002,0.782142997'
2023-10-03 15:44:43,265.Netflix_Producer.INFO  [x] Sent b'12/6/2002,0.785000026'
2023-10-03 15:44:43,275.Netflix_Producer.INFO  [x] Sent b'12/6/2002,3883600'
2023-10-03 15:44:44,299.Netflix_Producer.INFO  [x] Sent b'12/9/2002,0.799286008'
2023-10-03 15:44:44,309.Netflix_Producer.INFO  [x] Sent b'12/9/2002,0.795714021'
2023-10-03 15:44:44,315.Netflix_Producer.INFO  [x] Sent b'12/9/2002,4068400'
2023-10-03 15:44:45,325.Netflix_Producer.INFO  [x] Sent b'12/10/2002,0.871429026'
2023-10-03 15:44:45,334.Netflix_Producer.INFO  [x] Sent b'12/10/2002,0.800000012'
2023-10-03 15:44:45,340.Netflix_Producer.INFO  [x] Sent b'12/10/2002,3236800'
2023-10-03 15:44:46,357.Netflix_Producer.INFO  [x] Sent b'12/11/2002,0.897143006'
2023-10-03 15:44:46,368.Netflix_Producer.INFO  [x] Sent b'12/11/2002,0.854286015'
2023-10-03 15:44:46,375.Netflix_Producer.INFO  [x] Sent b'12/11/2002,4895800'
2023-10-03 15:44:47,388.Netflix_Producer.INFO  [x] Sent b'12/12/2002,0.90071398'
2023-10-03 15:44:47,401.Netflix_Producer.INFO  [x] Sent b'12/12/2002,0.905713975'
2023-10-03 15:44:47,408.Netflix_Producer.INFO  [x] Sent b'12/12/2002,2534000'
2023-10-03 15:44:48,424.Netflix_Producer.INFO  [x] Sent b'12/13/2002,0.892857015'
2023-10-03 15:44:48,433.Netflix_Producer.INFO  [x] Sent b'12/13/2002,0.899999976'
2023-10-03 15:44:48,438.Netflix_Producer.INFO  [x] Sent b'12/13/2002,1395800'
2023-10-03 15:44:49,452.Netflix_Producer.INFO  [x] Sent b'12/16/2002,0.913571'
2023-10-03 15:44:49,463.Netflix_Producer.INFO  [x] Sent b'12/16/2002,0.898571014'
2023-10-03 15:44:49,472.Netflix_Producer.INFO  [x] Sent b'12/16/2002,2098600'
2023-10-03 15:44:50,494.Netflix_Producer.INFO  [x] Sent b'12/17/2002,0.906428993'
2023-10-03 15:44:50,506.Netflix_Producer.INFO  [x] Sent b'12/17/2002,0.914286017'
2023-10-03 15:44:50,514.Netflix_Producer.INFO  [x] Sent b'12/17/2002,1680000'
2023-10-03 15:44:51,524.Netflix_Producer.INFO  [x] Sent b'12/18/2002,0.785000026'
2023-10-03 15:44:51,533.Netflix_Producer.INFO  [x] Sent b'12/18/2002,0.896429002'
2023-10-03 15:44:51,540.Netflix_Producer.INFO  [x] Sent b'12/18/2002,13378400'
2023-10-03 15:44:52,555.Netflix_Producer.INFO  [x] Sent b'12/19/2002,0.771429002'
2023-10-03 15:44:52,566.Netflix_Producer.INFO  [x] Sent b'12/19/2002,0.770713985'
2023-10-03 15:44:52,571.Netflix_Producer.INFO  [x] Sent b'12/19/2002,3781400'
2023-10-03 15:44:53,584.Netflix_Producer.INFO  [x] Sent b'12/20/2002,0.764285982'
2023-10-03 15:44:53,593.Netflix_Producer.INFO  [x] Sent b'12/20/2002,0.764285982'
2023-10-03 15:44:53,600.Netflix_Producer.INFO  [x] Sent b'12/20/2002,4384800'
2023-10-03 15:44:54,612.Netflix_Producer.INFO  [x] Sent b'12/23/2002,0.732142985'
2023-10-03 15:44:54,622.Netflix_Producer.INFO  [x] Sent b'12/23/2002,0.739286005'
2023-10-03 15:44:54,630.Netflix_Producer.INFO  [x] Sent b'12/23/2002,3311000'
2023-10-03 15:44:55,651.Netflix_Producer.INFO  [x] Sent b'12/24/2002,0.707143009'
2023-10-03 15:44:55,659.Netflix_Producer.INFO  [x] Sent b'12/24/2002,0.728570998'
2023-10-03 15:44:55,666.Netflix_Producer.INFO  [x] Sent b'12/24/2002,4895800'
2023-10-03 15:44:56,677.Netflix_Producer.INFO  [x] Sent b'12/26/2002,0.696429014'
2023-10-03 15:44:56,685.Netflix_Producer.INFO  [x] Sent b'12/26/2002,0.702143013'
2023-10-03 15:44:56,693.Netflix_Producer.INFO  [x] Sent b'12/26/2002,2122400'
2023-10-03 15:44:57,718.Netflix_Producer.INFO  [x] Sent b'12/27/2002,0.690714002'
2023-10-03 15:44:57,727.Netflix_Producer.INFO  [x] Sent b'12/27/2002,0.692857027'
2023-10-03 15:44:57,733.Netflix_Producer.INFO  [x] Sent b'12/27/2002,4592000'
2023-10-03 15:44:58,745.Netflix_Producer.INFO  [x] Sent b'12/30/2002,0.713571012'
2023-10-03 15:44:58,754.Netflix_Producer.INFO  [x] Sent b'12/30/2002,0.703571022'
2023-10-03 15:44:58,761.Netflix_Producer.INFO  [x] Sent b'12/30/2002,5198200'
2023-10-03 15:44:59,772.Netflix_Producer.INFO  [x] Sent b'12/31/2002,0.786428988'
2023-10-03 15:44:59,783.Netflix_Producer.INFO  [x] Sent b'12/31/2002,0.712857008'
2023-10-03 15:44:59,792.Netflix_Producer.INFO  [x] Sent b'12/31/2002,11369400'
2023-10-03 15:45:00,813.Netflix_Producer.INFO  [x] Sent b'1/2/2003,0.817857027'
2023-10-03 15:45:00,822.Netflix_Producer.INFO  [x] Sent b'1/2/2003,0.84642899'
2023-10-03 15:45:00,829.Netflix_Producer.INFO  [x] Sent b'1/2/2003,8397200'
2023-10-03 15:45:01,840.Netflix_Producer.INFO  [x] Sent b'1/3/2003,0.77285701'
2023-10-03 15:45:01,851.Netflix_Producer.INFO  [x] Sent b'1/3/2003,0.850000024'
2023-10-03 15:45:01,858.Netflix_Producer.INFO  [x] Sent b'1/3/2003,3248000'
2023-10-03 15:45:02,885.Netflix_Producer.INFO  [x] Sent b'1/6/2003,0.792856991'
2023-10-03 15:45:02,894.Netflix_Producer.INFO  [x] Sent b'1/6/2003,0.785713971'
2023-10-03 15:45:02,902.Netflix_Producer.INFO  [x] Sent b'1/6/2003,3003000'
2023-10-03 15:45:03,919.Netflix_Producer.INFO  [x] Sent b'1/7/2003,0.783571005'
2023-10-03 15:45:03,926.Netflix_Producer.INFO  [x] Sent b'1/7/2003,0.771429002'
2023-10-03 15:45:03,931.Netflix_Producer.INFO  [x] Sent b'1/7/2003,1937600'
2023-10-03 15:45:04,951.Netflix_Producer.INFO  [x] Sent b'1/8/2003,0.814999998'
2023-10-03 15:45:04,961.Netflix_Producer.INFO  [x] Sent b'1/8/2003,0.771429002'
2023-10-03 15:45:04,968.Netflix_Producer.INFO  [x] Sent b'1/8/2003,5356400'
2023-10-03 15:45:05,990.Netflix_Producer.INFO  [x] Sent b'1/9/2003,0.838571012'
2023-10-03 15:45:06,001.Netflix_Producer.INFO  [x] Sent b'1/9/2003,0.824999988'
2023-10-03 15:45:06,012.Netflix_Producer.INFO  [x] Sent b'1/9/2003,5322800'
2023-10-03 15:45:07,032.Netflix_Producer.INFO  [x] Sent b'1/10/2003,0.886429012'
2023-10-03 15:45:07,041.Netflix_Producer.INFO  [x] Sent b'1/10/2003,0.834999979'
2023-10-03 15:45:07,046.Netflix_Producer.INFO  [x] Sent b'1/10/2003,5434800'
2023-10-03 15:45:08,061.Netflix_Producer.INFO  [x] Sent b'1/13/2003,0.867142975'
2023-10-03 15:45:08,069.Netflix_Producer.INFO  [x] Sent b'1/13/2003,0.857856989'
2023-10-03 15:45:08,075.Netflix_Producer.INFO  [x] Sent b'1/13/2003,4408600'
2023-10-03 15:45:09,094.Netflix_Producer.INFO  [x] Sent b'1/14/2003,0.860000014'
2023-10-03 15:45:09,103.Netflix_Producer.INFO  [x] Sent b'1/14/2003,0.871429026'
2023-10-03 15:45:09,110.Netflix_Producer.INFO  [x] Sent b'1/14/2003,2549400'
2023-10-03 15:45:10,136.Netflix_Producer.INFO  [x] Sent b'1/15/2003,0.871429026'
2023-10-03 15:45:10,146.Netflix_Producer.INFO  [x] Sent b'1/15/2003,0.84928602'
2023-10-03 15:45:10,154.Netflix_Producer.INFO  [x] Sent b'1/15/2003,9430400'
2023-10-03 15:45:11,177.Netflix_Producer.INFO  [x] Sent b'1/16/2003,0.857142985'
2023-10-03 15:45:11,205.Netflix_Producer.INFO  [x] Sent b'1/16/2003,0.907142997'
2023-10-03 15:45:11,214.Netflix_Producer.INFO  [x] Sent b'1/16/2003,18653600'
2023-10-03 15:45:12,231.Netflix_Producer.INFO  [x] Sent b'1/17/2003,0.817143023'
2023-10-03 15:45:12,242.Netflix_Producer.INFO  [x] Sent b'1/17/2003,0.842857003'
2023-10-03 15:45:12,249.Netflix_Producer.INFO  [x] Sent b'1/17/2003,5364800'
2023-10-03 15:45:13,277.Netflix_Producer.INFO  [x] Sent b'1/21/2003,0.814285994'
2023-10-03 15:45:13,287.Netflix_Producer.INFO  [x] Sent b'1/21/2003,0.826429009'
2023-10-03 15:45:13,294.Netflix_Producer.INFO  [x] Sent b'1/21/2003,6081600'
2023-10-03 15:45:14,321.Netflix_Producer.INFO  [x] Sent b'1/22/2003,0.828571022'
2023-10-03 15:45:14,331.Netflix_Producer.INFO  [x] Sent b'1/22/2003,0.812856972'
2023-10-03 15:45:14,339.Netflix_Producer.INFO  [x] Sent b'1/22/2003,4173400'
2023-10-03 15:45:15,362.Netflix_Producer.INFO  [x] Sent b'1/23/2003,0.870000005'
2023-10-03 15:45:15,371.Netflix_Producer.INFO  [x] Sent b'1/23/2003,0.850714028'
2023-10-03 15:45:15,378.Netflix_Producer.INFO  [x] Sent b'1/23/2003,7219800'
2023-10-03 15:45:16,395.Netflix_Producer.INFO  [x] Sent b'1/24/2003,0.880713999'
2023-10-03 15:45:16,403.Netflix_Producer.INFO  [x] Sent b'1/24/2003,0.875'
2023-10-03 15:45:16,411.Netflix_Producer.INFO  [x] Sent b'1/24/2003,6353200'
2023-10-03 15:45:17,420.Netflix_Producer.INFO  [x] Sent b'1/27/2003,0.877143025'
2023-10-03 15:45:17,429.Netflix_Producer.INFO  [x] Sent b'1/27/2003,0.864286005'
2023-10-03 15:45:17,436.Netflix_Producer.INFO  [x] Sent b'1/27/2003,3439800'
2023-10-03 15:45:18,457.Netflix_Producer.INFO  [x] Sent b'1/28/2003,0.896429002'
2023-10-03 15:45:18,469.Netflix_Producer.INFO  [x] Sent b'1/28/2003,0.85928601'
2023-10-03 15:45:18,477.Netflix_Producer.INFO  [x] Sent b'1/28/2003,4946200'
2023-10-03 15:45:19,499.Netflix_Producer.INFO  [x] Sent b'1/29/2003,0.881429017'
2023-10-03 15:45:19,508.Netflix_Producer.INFO  [x] Sent b'1/29/2003,0.899999976'
2023-10-03 15:45:19,517.Netflix_Producer.INFO  [x] Sent b'1/29/2003,2956800'
2023-10-03 15:45:20,538.Netflix_Producer.INFO  [x] Sent b'1/30/2003,0.902143002'
2023-10-03 15:45:20,546.Netflix_Producer.INFO  [x] Sent b'1/30/2003,0.892857015'
2023-10-03 15:45:20,553.Netflix_Producer.INFO  [x] Sent b'1/30/2003,3700200'
2023-10-03 15:45:21,564.Netflix_Producer.INFO  [x] Sent b'1/31/2003,0.942857027'
2023-10-03 15:45:21,573.Netflix_Producer.INFO  [x] Sent b'1/31/2003,0.905713975'
2023-10-03 15:45:21,580.Netflix_Producer.INFO  [x] Sent b'1/31/2003,4019400'
2023-10-03 15:45:22,597.Netflix_Producer.INFO  [x] Sent b'2/3/2003,0.914286017'
2023-10-03 15:45:22,606.Netflix_Producer.INFO  [x] Sent b'2/3/2003,0.938570976'
2023-10-03 15:45:22,614.Netflix_Producer.INFO  [x] Sent b'2/3/2003,2836400'
2023-10-03 15:45:23,633.Netflix_Producer.INFO  [x] Sent b'2/4/2003,0.878570974'
2023-10-03 15:45:23,639.Netflix_Producer.INFO  [x] Sent b'2/4/2003,0.899999976'
2023-10-03 15:45:23,646.Netflix_Producer.INFO  [x] Sent b'2/4/2003,2039800'
2023-10-03 15:45:24,656.Netflix_Producer.INFO  [x] Sent b'2/5/2003,0.852856994'
2023-10-03 15:45:24,667.Netflix_Producer.INFO  [x] Sent b'2/5/2003,0.875714004'
2023-10-03 15:45:24,673.Netflix_Producer.INFO  [x] Sent b'2/5/2003,3484600'
2023-10-03 15:45:25,690.Netflix_Producer.INFO  [x] Sent b'2/6/2003,0.832143009'
2023-10-03 15:45:25,701.Netflix_Producer.INFO  [x] Sent b'2/6/2003,0.854286015'
2023-10-03 15:45:25,708.Netflix_Producer.INFO  [x] Sent b'2/6/2003,3735200'
2023-10-03 15:45:26,725.Netflix_Producer.INFO  [x] Sent b'2/7/2003,0.870000005'
2023-10-03 15:45:26,736.Netflix_Producer.INFO  [x] Sent b'2/7/2003,0.842857003'
2023-10-03 15:45:26,746.Netflix_Producer.INFO  [x] Sent b'2/7/2003,5016200'
2023-10-03 15:45:27,767.Netflix_Producer.INFO  [x] Sent b'2/10/2003,0.89071399'
2023-10-03 15:45:27,775.Netflix_Producer.INFO  [x] Sent b'2/10/2003,0.873570979'
2023-10-03 15:45:27,782.Netflix_Producer.INFO  [x] Sent b'2/10/2003,7305200'
2023-10-03 15:45:28,807.Netflix_Producer.INFO  [x] Sent b'2/11/2003,0.927142978'
2023-10-03 15:45:28,819.Netflix_Producer.INFO  [x] Sent b'2/11/2003,0.921428978'
2023-10-03 15:45:28,828.Netflix_Producer.INFO  [x] Sent b'2/11/2003,4790800'
2023-10-03 15:45:29,850.Netflix_Producer.INFO  [x] Sent b'2/12/2003,0.948571026'
2023-10-03 15:45:29,862.Netflix_Producer.INFO  [x] Sent b'2/12/2003,0.954999983'
2023-10-03 15:45:29,872.Netflix_Producer.INFO  [x] Sent b'2/12/2003,5615400'
2023-10-03 15:45:30,895.Netflix_Producer.INFO  [x] Sent b'2/13/2003,0.944285989'
2023-10-03 15:45:30,904.Netflix_Producer.INFO  [x] Sent b'2/13/2003,0.950713992'
2023-10-03 15:45:30,912.Netflix_Producer.INFO  [x] Sent b'2/13/2003,6092800'
2023-10-03 15:45:31,925.Netflix_Producer.INFO  [x] Sent b'2/14/2003,1.017143011'
2023-10-03 15:45:31,933.Netflix_Producer.INFO  [x] Sent b'2/14/2003,0.952143013'
2023-10-03 15:45:31,941.Netflix_Producer.INFO  [x] Sent b'2/14/2003,8435000'
2023-10-03 15:45:32,959.Netflix_Producer.INFO  [x] Sent b'2/18/2003,1.047142982'
2023-10-03 15:45:32,969.Netflix_Producer.INFO  [x] Sent b'2/18/2003,1.022143006'
2023-10-03 15:45:32,980.Netflix_Producer.INFO  [x] Sent b'2/18/2003,6267800'
2023-10-03 15:45:33,990.Netflix_Producer.INFO  [x] Sent b'2/19/2003,1.081429005'
2023-10-03 15:45:33,999.Netflix_Producer.INFO  [x] Sent b'2/19/2003,1.058570981'
2023-10-03 15:45:34,007.Netflix_Producer.INFO  [x] Sent b'2/19/2003,5118400'
2023-10-03 15:45:35,018.Netflix_Producer.INFO  [x] Sent b'2/20/2003,1.098570943'
2023-10-03 15:45:35,027.Netflix_Producer.INFO  [x] Sent b'2/20/2003,1.106428981'
2023-10-03 15:45:35,034.Netflix_Producer.INFO  [x] Sent b'2/20/2003,6339200'
2023-10-03 15:45:36,058.Netflix_Producer.INFO  [x] Sent b'2/21/2003,1.064285994'
2023-10-03 15:45:36,066.Netflix_Producer.INFO  [x] Sent b'2/21/2003,1.100000024'
2023-10-03 15:45:36,074.Netflix_Producer.INFO  [x] Sent b'2/21/2003,6255200'
2023-10-03 15:45:37,086.Netflix_Producer.INFO  [x] Sent b'2/24/2003,1.00285697'
2023-10-03 15:45:37,096.Netflix_Producer.INFO  [x] Sent b'2/24/2003,1.024286032'
2023-10-03 15:45:37,105.Netflix_Producer.INFO  [x] Sent b'2/24/2003,12339600'
2023-10-03 15:45:38,124.Netflix_Producer.INFO  [x] Sent b'2/25/2003,1.046429038'
2023-10-03 15:45:38,135.Netflix_Producer.INFO  [x] Sent b'2/25/2003,0.986428976'
2023-10-03 15:45:38,144.Netflix_Producer.INFO  [x] Sent b'2/25/2003,4629800'
2023-10-03 15:45:39,171.Netflix_Producer.INFO  [x] Sent b'2/26/2003,1.039286017'
2023-10-03 15:45:39,177.Netflix_Producer.INFO  [x] Sent b'2/26/2003,1.054286003'
2023-10-03 15:45:39,184.Netflix_Producer.INFO  [x] Sent b'2/26/2003,3878000'
2023-10-03 15:45:40,203.Netflix_Producer.INFO  [x] Sent b'2/27/2003,1.178570986'
2023-10-03 15:45:40,211.Netflix_Producer.INFO  [x] Sent b'2/27/2003,1.058570981'
2023-10-03 15:45:40,217.Netflix_Producer.INFO  [x] Sent b'2/27/2003,23119600'
2023-10-03 15:45:41,240.Netflix_Producer.INFO  [x] Sent b'2/28/2003,1.222143054'
2023-10-03 15:45:41,249.Netflix_Producer.INFO  [x] Sent b'2/28/2003,1.187857032'
2023-10-03 15:45:41,257.Netflix_Producer.INFO  [x] Sent b'2/28/2003,11879000'
2023-10-03 15:45:42,281.Netflix_Producer.INFO  [x] Sent b'3/3/2003,1.139999986'
2023-10-03 15:45:42,292.Netflix_Producer.INFO  [x] Sent b'3/3/2003,1.207857013'
2023-10-03 15:45:42,300.Netflix_Producer.INFO  [x] Sent b'3/3/2003,15797600'
2023-10-03 15:45:43,324.Netflix_Producer.INFO  [x] Sent b'3/4/2003,1.167857051'
2023-10-03 15:45:43,332.Netflix_Producer.INFO  [x] Sent b'3/4/2003,1.142143011'
2023-10-03 15:45:43,340.Netflix_Producer.INFO  [x] Sent b'3/4/2003,5565000'
2023-10-03 15:45:44,364.Netflix_Producer.INFO  [x] Sent b'3/5/2003,1.15357101'
2023-10-03 15:45:44,371.Netflix_Producer.INFO  [x] Sent b'3/5/2003,1.168570995'
2023-10-03 15:45:44,377.Netflix_Producer.INFO  [x] Sent b'3/5/2003,3498600'
2023-10-03 15:45:45,397.Netflix_Producer.INFO  [x] Sent b'3/6/2003,1.164286017'
2023-10-03 15:45:45,404.Netflix_Producer.INFO  [x] Sent b'3/6/2003,1.164999962'
2023-10-03 15:45:45,411.Netflix_Producer.INFO  [x] Sent b'3/6/2003,3455200'
2023-10-03 15:45:46,424.Netflix_Producer.INFO  [x] Sent b'3/7/2003,1.149286032'
2023-10-03 15:45:46,431.Netflix_Producer.INFO  [x] Sent b'3/7/2003,1.141428947'
2023-10-03 15:45:46,437.Netflix_Producer.INFO  [x] Sent b'3/7/2003,4853800'
2023-10-03 15:45:47,449.Netflix_Producer.INFO  [x] Sent b'3/10/2003,1.123571038'
2023-10-03 15:45:47,460.Netflix_Producer.INFO  [x] Sent b'3/10/2003,1.141428947'
2023-10-03 15:45:47,466.Netflix_Producer.INFO  [x] Sent b'3/10/2003,3424400'
2023-10-03 15:45:48,477.Netflix_Producer.INFO  [x] Sent b'3/11/2003,1.107143044'
2023-10-03 15:45:48,483.Netflix_Producer.INFO  [x] Sent b'3/11/2003,1.123571038'
2023-10-03 15:45:48,489.Netflix_Producer.INFO  [x] Sent b'3/11/2003,5531400'
2023-10-03 15:45:49,508.Netflix_Producer.INFO  [x] Sent b'3/12/2003,1.075713992'
2023-10-03 15:45:49,515.Netflix_Producer.INFO  [x] Sent b'3/12/2003,1.103571057'
2023-10-03 15:45:49,521.Netflix_Producer.INFO  [x] Sent b'3/12/2003,5751200'
2023-10-03 15:45:50,535.Netflix_Producer.INFO  [x] Sent b'3/13/2003,1.16071403'
2023-10-03 15:45:50,542.Netflix_Producer.INFO  [x] Sent b'3/13/2003,1.097143054'
2023-10-03 15:45:50,547.Netflix_Producer.INFO  [x] Sent b'3/13/2003,7560000'
2023-10-03 15:45:51,567.Netflix_Producer.INFO  [x] Sent b'3/14/2003,1.182142973'
2023-10-03 15:45:51,574.Netflix_Producer.INFO  [x] Sent b'3/14/2003,1.185714006'
2023-10-03 15:45:51,580.Netflix_Producer.INFO  [x] Sent b'3/14/2003,6129200'
2023-10-03 15:45:52,593.Netflix_Producer.INFO  [x] Sent b'3/17/2003,1.28571403'
2023-10-03 15:45:52,599.Netflix_Producer.INFO  [x] Sent b'3/17/2003,1.184285998'
2023-10-03 15:45:52,605.Netflix_Producer.INFO  [x] Sent b'3/17/2003,16616600'
2023-10-03 15:45:53,618.Netflix_Producer.INFO  [x] Sent b'3/18/2003,1.33928597'
2023-10-03 15:45:53,626.Netflix_Producer.INFO  [x] Sent b'3/18/2003,1.321429014'
2023-10-03 15:45:53,632.Netflix_Producer.INFO  [x] Sent b'3/18/2003,21091000'
2023-10-03 15:45:54,655.Netflix_Producer.INFO  [x] Sent b'3/19/2003,1.374286056'
2023-10-03 15:45:54,662.Netflix_Producer.INFO  [x] Sent b'3/19/2003,1.363571048'
2023-10-03 15:45:54,668.Netflix_Producer.INFO  [x] Sent b'3/19/2003,16062200'
2023-10-03 15:45:55,679.Netflix_Producer.INFO  [x] Sent b'3/20/2003,1.345000029'
2023-10-03 15:45:55,687.Netflix_Producer.INFO  [x] Sent b'3/20/2003,1.389286041'
2023-10-03 15:45:55,694.Netflix_Producer.INFO  [x] Sent b'3/20/2003,14603400'
2023-10-03 15:45:56,705.Netflix_Producer.INFO  [x] Sent b'3/21/2003,1.325000048'
2023-10-03 15:45:56,713.Netflix_Producer.INFO  [x] Sent b'3/21/2003,1.36500001'
2023-10-03 15:45:56,720.Netflix_Producer.INFO  [x] Sent b'3/21/2003,8150800'
2023-10-03 15:45:57,737.Netflix_Producer.INFO  [x] Sent b'3/24/2003,1.28571403'
2023-10-03 15:45:57,743.Netflix_Producer.INFO  [x] Sent b'3/24/2003,1.304999948'
2023-10-03 15:45:57,749.Netflix_Producer.INFO  [x] Sent b'3/24/2003,8996400'
2023-10-03 15:45:58,763.Netflix_Producer.INFO  [x] Sent b'3/25/2003,1.375'
2023-10-03 15:45:58,768.Netflix_Producer.INFO  [x] Sent b'3/25/2003,1.28571403'
2023-10-03 15:45:58,776.Netflix_Producer.INFO  [x] Sent b'3/25/2003,12602800'
2023-10-03 15:45:59,789.Netflix_Producer.INFO  [x] Sent b'3/26/2003,1.47142899'
2023-10-03 15:45:59,795.Netflix_Producer.INFO  [x] Sent b'3/26/2003,1.385714054'
2023-10-03 15:45:59,802.Netflix_Producer.INFO  [x] Sent b'3/26/2003,18580800'
2023-10-03 15:46:00,828.Netflix_Producer.INFO  [x] Sent b'3/27/2003,1.552142978'
2023-10-03 15:46:00,839.Netflix_Producer.INFO  [x] Sent b'3/27/2003,1.46428597'
2023-10-03 15:46:00,852.Netflix_Producer.INFO  [x] Sent b'3/27/2003,30632000'
2023-10-03 15:46:01,873.Netflix_Producer.INFO  [x] Sent b'3/28/2003,1.504286051'
2023-10-03 15:46:01,879.Netflix_Producer.INFO  [x] Sent b'3/28/2003,1.553570986'
2023-10-03 15:46:01,885.Netflix_Producer.INFO  [x] Sent b'3/28/2003,26143600'
2023-10-03 15:46:02,906.Netflix_Producer.INFO  [x] Sent b'3/31/2003,1.453570962'
2023-10-03 15:46:02,918.Netflix_Producer.INFO  [x] Sent b'3/31/2003,1.442142963'
2023-10-03 15:46:02,928.Netflix_Producer.INFO  [x] Sent b'3/31/2003,8283800'
2023-10-03 15:46:03,944.Netflix_Producer.INFO  [x] Sent b'4/1/2003,1.354285955'
2023-10-03 15:46:03,949.Netflix_Producer.INFO  [x] Sent b'4/1/2003,1.46428597'
2023-10-03 15:46:03,957.Netflix_Producer.INFO  [x] Sent b'4/1/2003,17019800'
2023-10-03 15:46:04,973.Netflix_Producer.INFO  [x] Sent b'4/2/2003,1.417142987'
2023-10-03 15:46:04,980.Netflix_Producer.INFO  [x] Sent b'4/2/2003,1.428570986'
2023-10-03 15:46:04,985.Netflix_Producer.INFO  [x] Sent b'4/2/2003,22761200'
2023-10-03 15:46:05,998.Netflix_Producer.INFO  [x] Sent b'4/3/2003,1.428570986'
2023-10-03 15:46:06,005.Netflix_Producer.INFO  [x] Sent b'4/3/2003,1.442857027'
2023-10-03 15:46:06,011.Netflix_Producer.INFO  [x] Sent b'4/3/2003,8033200'
2023-10-03 15:46:07,036.Netflix_Producer.INFO  [x] Sent b'4/4/2003,1.396428943'
2023-10-03 15:46:07,042.Netflix_Producer.INFO  [x] Sent b'4/4/2003,1.440000057'
2023-10-03 15:46:07,048.Netflix_Producer.INFO  [x] Sent b'4/4/2003,5884200'
2023-10-03 15:46:08,065.Netflix_Producer.INFO  [x] Sent b'4/7/2003,1.424999952'
2023-10-03 15:46:08,071.Netflix_Producer.INFO  [x] Sent b'4/7/2003,1.442857027'
2023-10-03 15:46:08,076.Netflix_Producer.INFO  [x] Sent b'4/7/2003,10315200'
2023-10-03 15:46:09,088.Netflix_Producer.INFO  [x] Sent b'4/8/2003,1.441429019'
2023-10-03 15:46:09,098.Netflix_Producer.INFO  [x] Sent b'4/8/2003,1.420714021'
2023-10-03 15:46:09,105.Netflix_Producer.INFO  [x] Sent b'4/8/2003,6265000'
2023-10-03 15:46:10,126.Netflix_Producer.INFO  [x] Sent b'4/9/2003,1.457142949'
2023-10-03 15:46:10,134.Netflix_Producer.INFO  [x] Sent b'4/9/2003,1.482143044'
2023-10-03 15:46:10,140.Netflix_Producer.INFO  [x] Sent b'4/9/2003,5864600'
2023-10-03 15:46:11,166.Netflix_Producer.INFO  [x] Sent b'4/10/2003,1.501428962'
2023-10-03 15:46:11,173.Netflix_Producer.INFO  [x] Sent b'4/10/2003,1.463570952'
2023-10-03 15:46:11,178.Netflix_Producer.INFO  [x] Sent b'4/10/2003,5419400'
2023-10-03 15:46:12,198.Netflix_Producer.INFO  [x] Sent b'4/11/2003,1.483571053'
2023-10-03 15:46:12,204.Netflix_Producer.INFO  [x] Sent b'4/11/2003,1.5'
2023-10-03 15:46:12,208.Netflix_Producer.INFO  [x] Sent b'4/11/2003,4790800'
2023-10-03 15:46:13,220.Netflix_Producer.INFO  [x] Sent b'4/14/2003,1.442857027'
2023-10-03 15:46:13,228.Netflix_Producer.INFO  [x] Sent b'4/14/2003,1.450713992'
2023-10-03 15:46:13,233.Netflix_Producer.INFO  [x] Sent b'4/14/2003,5355000'
2023-10-03 15:46:14,250.Netflix_Producer.INFO  [x] Sent b'4/15/2003,1.439285994'
2023-10-03 15:46:14,256.Netflix_Producer.INFO  [x] Sent b'4/15/2003,1.435714006'
2023-10-03 15:46:14,261.Netflix_Producer.INFO  [x] Sent b'4/15/2003,6311200'
2023-10-03 15:46:15,280.Netflix_Producer.INFO  [x] Sent b'4/16/2003,1.469285965'
2023-10-03 15:46:15,288.Netflix_Producer.INFO  [x] Sent b'4/16/2003,1.448570967'
2023-10-03 15:46:15,294.Netflix_Producer.INFO  [x] Sent b'4/16/2003,4533200'
2023-10-03 15:46:16,314.Netflix_Producer.INFO  [x] Sent b'4/17/2003,1.568570971'
2023-10-03 15:46:16,323.Netflix_Producer.INFO  [x] Sent b'4/17/2003,1.475000024'
2023-10-03 15:46:16,334.Netflix_Producer.INFO  [x] Sent b'4/17/2003,13462400'
2023-10-03 15:46:17,346.Netflix_Producer.INFO  [x] Sent b'4/21/2003,1.759286046'
2023-10-03 15:46:17,352.Netflix_Producer.INFO  [x] Sent b'4/21/2003,1.692857027'
2023-10-03 15:46:17,356.Netflix_Producer.INFO  [x] Sent b'4/21/2003,48573000'
2023-10-03 15:46:18,372.Netflix_Producer.INFO  [x] Sent b'4/22/2003,1.640714049'
2023-10-03 15:46:18,400.Netflix_Producer.INFO  [x] Sent b'4/22/2003,1.748571038'
2023-10-03 15:46:18,407.Netflix_Producer.INFO  [x] Sent b'4/22/2003,30570400'
2023-10-03 15:46:19,418.Netflix_Producer.INFO  [x] Sent b'4/23/2003,1.480000019'
2023-10-03 15:46:19,427.Netflix_Producer.INFO  [x] Sent b'4/23/2003,1.647143006'
2023-10-03 15:46:19,435.Netflix_Producer.INFO  [x] Sent b'4/23/2003,36787800'
2023-10-03 15:46:20,446.Netflix_Producer.INFO  [x] Sent b'4/24/2003,1.572857022'
2023-10-03 15:46:20,454.Netflix_Producer.INFO  [x] Sent b'4/24/2003,1.467143059'
2023-10-03 15:46:20,463.Netflix_Producer.INFO  [x] Sent b'4/24/2003,35765800'
2023-10-03 15:46:21,479.Netflix_Producer.INFO  [x] Sent b'4/25/2003,1.510714054'
2023-10-03 15:46:21,488.Netflix_Producer.INFO  [x] Sent b'4/25/2003,1.570713997'
2023-10-03 15:46:21,496.Netflix_Producer.INFO  [x] Sent b'4/25/2003,14922600'
2023-10-03 15:46:22,527.Netflix_Producer.INFO  [x] Sent b'4/28/2003,1.582857013'
2023-10-03 15:46:22,534.Netflix_Producer.INFO  [x] Sent b'4/28/2003,1.5'
2023-10-03 15:46:22,540.Netflix_Producer.INFO  [x] Sent b'4/28/2003,22727600'
2023-10-03 15:46:23,553.Netflix_Producer.INFO  [x] Sent b'4/29/2003,1.628571033'
2023-10-03 15:46:23,559.Netflix_Producer.INFO  [x] Sent b'4/29/2003,1.579285979'
2023-10-03 15:46:23,565.Netflix_Producer.INFO  [x] Sent b'4/29/2003,20129200'
2023-10-03 15:46:24,589.Netflix_Producer.INFO  [x] Sent b'4/30/2003,1.628571033'
2023-10-03 15:46:24,595.Netflix_Producer.INFO  [x] Sent b'4/30/2003,1.63499999'
2023-10-03 15:46:24,601.Netflix_Producer.INFO  [x] Sent b'4/30/2003,11071200'
2023-10-03 15:46:25,625.Netflix_Producer.INFO  [x] Sent b'5/1/2003,1.607143044'
2023-10-03 15:46:25,633.Netflix_Producer.INFO  [x] Sent b'5/1/2003,1.619285941'
2023-10-03 15:46:25,638.Netflix_Producer.INFO  [x] Sent b'5/1/2003,14984200'
2023-10-03 15:46:26,660.Netflix_Producer.INFO  [x] Sent b'5/2/2003,1.616428971'
2023-10-03 15:46:26,668.Netflix_Producer.INFO  [x] Sent b'5/2/2003,1.603571057'
2023-10-03 15:46:26,674.Netflix_Producer.INFO  [x] Sent b'5/2/2003,12334000'
2023-10-03 15:46:27,698.Netflix_Producer.INFO  [x] Sent b'5/5/2003,1.669286013'
2023-10-03 15:46:27,704.Netflix_Producer.INFO  [x] Sent b'5/5/2003,1.601428986'
2023-10-03 15:46:27,710.Netflix_Producer.INFO  [x] Sent b'5/5/2003,14449400'
2023-10-03 15:46:28,723.Netflix_Producer.INFO  [x] Sent b'5/6/2003,1.658571005'
2023-10-03 15:46:28,730.Netflix_Producer.INFO  [x] Sent b'5/6/2003,1.669286013'
2023-10-03 15:46:28,735.Netflix_Producer.INFO  [x] Sent b'5/6/2003,14964600'
2023-10-03 15:46:29,745.Netflix_Producer.INFO  [x] Sent b'5/7/2003,1.687857032'
2023-10-03 15:46:29,754.Netflix_Producer.INFO  [x] Sent b'5/7/2003,1.658571005'
2023-10-03 15:46:29,759.Netflix_Producer.INFO  [x] Sent b'5/7/2003,13473600'
2023-10-03 15:46:30,780.Netflix_Producer.INFO  [x] Sent b'5/8/2003,1.634286046'
2023-10-03 15:46:30,788.Netflix_Producer.INFO  [x] Sent b'5/8/2003,1.664999962'
2023-10-03 15:46:30,794.Netflix_Producer.INFO  [x] Sent b'5/8/2003,10046400'
2023-10-03 15:46:31,809.Netflix_Producer.INFO  [x] Sent b'5/9/2003,1.615713954'
2023-10-03 15:46:31,816.Netflix_Producer.INFO  [x] Sent b'5/9/2003,1.635714054'
2023-10-03 15:46:31,823.Netflix_Producer.INFO  [x] Sent b'5/9/2003,5926200'
2023-10-03 15:46:32,837.Netflix_Producer.INFO  [x] Sent b'5/12/2003,1.680714011'
2023-10-03 15:46:32,843.Netflix_Producer.INFO  [x] Sent b'5/12/2003,1.63499999'
2023-10-03 15:46:32,848.Netflix_Producer.INFO  [x] Sent b'5/12/2003,11788000'
2023-10-03 15:46:33,863.Netflix_Producer.INFO  [x] Sent b'5/13/2003,1.796429038'
2023-10-03 15:46:33,869.Netflix_Producer.INFO  [x] Sent b'5/13/2003,1.692857027'
2023-10-03 15:46:33,875.Netflix_Producer.INFO  [x] Sent b'5/13/2003,18207000'
2023-10-03 15:46:34,885.Netflix_Producer.INFO  [x] Sent b'5/14/2003,1.748571038'
2023-10-03 15:46:34,891.Netflix_Producer.INFO  [x] Sent b'5/14/2003,1.848570943'
2023-10-03 15:46:34,896.Netflix_Producer.INFO  [x] Sent b'5/14/2003,19117000'
2023-10-03 15:46:35,911.Netflix_Producer.INFO  [x] Sent b'5/15/2003,1.74714303'
2023-10-03 15:46:35,918.Netflix_Producer.INFO  [x] Sent b'5/15/2003,1.755714059'
2023-10-03 15:46:35,924.Netflix_Producer.INFO  [x] Sent b'5/15/2003,10684800'
2023-10-03 15:46:36,936.Netflix_Producer.INFO  [x] Sent b'5/16/2003,1.699285984'
2023-10-03 15:46:36,942.Netflix_Producer.INFO  [x] Sent b'5/16/2003,1.751428962'
2023-10-03 15:46:36,949.Netflix_Producer.INFO  [x] Sent b'5/16/2003,12966800'
2023-10-03 15:46:37,966.Netflix_Producer.INFO  [x] Sent b'5/19/2003,1.485000014'
2023-10-03 15:46:37,974.Netflix_Producer.INFO  [x] Sent b'5/19/2003,1.664286017'
2023-10-03 15:46:37,980.Netflix_Producer.INFO  [x] Sent b'5/19/2003,30472400'
2023-10-03 15:46:38,989.Netflix_Producer.INFO  [x] Sent b'5/20/2003,1.553570986'
2023-10-03 15:46:38,996.Netflix_Producer.INFO  [x] Sent b'5/20/2003,1.524999976'
2023-10-03 15:46:39,003.Netflix_Producer.INFO  [x] Sent b'5/20/2003,20209000'
2023-10-03 15:46:40,023.Netflix_Producer.INFO  [x] Sent b'5/21/2003,1.513571024'
2023-10-03 15:46:40,029.Netflix_Producer.INFO  [x] Sent b'5/21/2003,1.554286003'
2023-10-03 15:46:40,034.Netflix_Producer.INFO  [x] Sent b'5/21/2003,9451400'
2023-10-03 15:46:41,056.Netflix_Producer.INFO  [x] Sent b'5/22/2003,1.613571048'
2023-10-03 15:46:41,069.Netflix_Producer.INFO  [x] Sent b'5/22/2003,1.51285696'
2023-10-03 15:46:41,089.Netflix_Producer.INFO  [x] Sent b'5/22/2003,14278600'
2023-10-03 15:46:42,110.Netflix_Producer.INFO  [x] Sent b'5/23/2003,1.580000043'
2023-10-03 15:46:42,118.Netflix_Producer.INFO  [x] Sent b'5/23/2003,1.633571029'
2023-10-03 15:46:42,125.Netflix_Producer.INFO  [x] Sent b'5/23/2003,8171800'
2023-10-03 15:46:43,146.Netflix_Producer.INFO  [x] Sent b'5/27/2003,1.620713949'
2023-10-03 15:46:43,155.Netflix_Producer.INFO  [x] Sent b'5/27/2003,1.575000048'
2023-10-03 15:46:43,165.Netflix_Producer.INFO  [x] Sent b'5/27/2003,13883800'
2023-10-03 15:46:44,191.Netflix_Producer.INFO  [x] Sent b'5/28/2003,1.614285946'
2023-10-03 15:46:44,203.Netflix_Producer.INFO  [x] Sent b'5/28/2003,1.629286051'
2023-10-03 15:46:44,213.Netflix_Producer.INFO  [x] Sent b'5/28/2003,10127600'
2023-10-03 15:46:45,222.Netflix_Producer.INFO  [x] Sent b'5/29/2003,1.628571033'
2023-10-03 15:46:45,228.Netflix_Producer.INFO  [x] Sent b'5/29/2003,1.610000014'
2023-10-03 15:46:45,233.Netflix_Producer.INFO  [x] Sent b'5/29/2003,7277200'
2023-10-03 15:46:46,246.Netflix_Producer.INFO  [x] Sent b'5/30/2003,1.607143044'
2023-10-03 15:46:46,255.Netflix_Producer.INFO  [x] Sent b'5/30/2003,1.630714059'
2023-10-03 15:46:46,265.Netflix_Producer.INFO  [x] Sent b'5/30/2003,10476200'
2023-10-03 15:46:47,281.Netflix_Producer.INFO  [x] Sent b'6/2/2003,1.664286017'
2023-10-03 15:46:47,290.Netflix_Producer.INFO  [x] Sent b'6/2/2003,1.607856989'
2023-10-03 15:46:47,297.Netflix_Producer.INFO  [x] Sent b'6/2/2003,17547600'
2023-10-03 15:46:48,312.Netflix_Producer.INFO  [x] Sent b'6/3/2003,1.704285979'
2023-10-03 15:46:48,320.Netflix_Producer.INFO  [x] Sent b'6/3/2003,1.663571'
2023-10-03 15:46:48,328.Netflix_Producer.INFO  [x] Sent b'6/3/2003,8548400'
2023-10-03 15:46:49,355.Netflix_Producer.INFO  [x] Sent b'6/4/2003,1.742856979'
2023-10-03 15:46:49,365.Netflix_Producer.INFO  [x] Sent b'6/4/2003,1.722143054'
2023-10-03 15:46:49,390.Netflix_Producer.INFO  [x] Sent b'6/4/2003,12420800'
2023-10-03 15:46:50,404.Netflix_Producer.INFO  [x] Sent b'6/5/2003,1.815000057'
2023-10-03 15:46:50,410.Netflix_Producer.INFO  [x] Sent b'6/5/2003,1.749286056'
2023-10-03 15:46:50,416.Netflix_Producer.INFO  [x] Sent b'6/5/2003,13104000'
2023-10-03 15:46:51,431.Netflix_Producer.INFO  [x] Sent b'6/6/2003,1.686429024'
2023-10-03 15:46:51,437.Netflix_Producer.INFO  [x] Sent b'6/6/2003,1.838570952'
2023-10-03 15:46:51,442.Netflix_Producer.INFO  [x] Sent b'6/6/2003,19174400'
2023-10-03 15:46:52,462.Netflix_Producer.INFO  [x] Sent b'6/9/2003,1.642856956'
2023-10-03 15:46:52,469.Netflix_Producer.INFO  [x] Sent b'6/9/2003,1.687142968'
2023-10-03 15:46:52,474.Netflix_Producer.INFO  [x] Sent b'6/9/2003,12731600'
2023-10-03 15:46:53,486.Netflix_Producer.INFO  [x] Sent b'6/10/2003,1.621428967'
2023-10-03 15:46:53,491.Netflix_Producer.INFO  [x] Sent b'6/10/2003,1.572857022'
2023-10-03 15:46:53,496.Netflix_Producer.INFO  [x] Sent b'6/10/2003,62433000'
2023-10-03 15:46:54,509.Netflix_Producer.INFO  [x] Sent b'6/11/2003,1.603571057'
2023-10-03 15:46:54,515.Netflix_Producer.INFO  [x] Sent b'6/11/2003,1.580000043'
2023-10-03 15:46:54,520.Netflix_Producer.INFO  [x] Sent b'6/11/2003,17973200'
2023-10-03 15:46:55,528.Netflix_Producer.INFO  [x] Sent b'6/12/2003,1.565714002'
2023-10-03 15:46:55,537.Netflix_Producer.INFO  [x] Sent b'6/12/2003,1.585000038'
2023-10-03 15:46:55,542.Netflix_Producer.INFO  [x] Sent b'6/12/2003,18457600'
2023-10-03 15:46:56,565.Netflix_Producer.INFO  [x] Sent b'6/13/2003,1.371428967'
2023-10-03 15:46:56,572.Netflix_Producer.INFO  [x] Sent b'6/13/2003,1.514999986'
2023-10-03 15:46:56,577.Netflix_Producer.INFO  [x] Sent b'6/13/2003,66024000'
2023-10-03 15:46:57,592.Netflix_Producer.INFO  [x] Sent b'6/16/2003,1.553570986'
2023-10-03 15:46:57,597.Netflix_Producer.INFO  [x] Sent b'6/16/2003,1.388571024'
2023-10-03 15:46:57,602.Netflix_Producer.INFO  [x] Sent b'6/16/2003,32225200'
2023-10-03 15:46:58,618.Netflix_Producer.INFO  [x] Sent b'6/17/2003,1.514999986'
2023-10-03 15:46:58,625.Netflix_Producer.INFO  [x] Sent b'6/17/2003,1.559999943'
2023-10-03 15:46:58,630.Netflix_Producer.INFO  [x] Sent b'6/17/2003,17542000'
2023-10-03 15:46:59,645.Netflix_Producer.INFO  [x] Sent b'6/18/2003,1.532856941'
2023-10-03 15:46:59,653.Netflix_Producer.INFO  [x] Sent b'6/18/2003,1.526429057'
2023-10-03 15:46:59,660.Netflix_Producer.INFO  [x] Sent b'6/18/2003,11001200'
2023-10-03 15:47:00,676.Netflix_Producer.INFO  [x] Sent b'6/19/2003,1.569285989'
2023-10-03 15:47:00,685.Netflix_Producer.INFO  [x] Sent b'6/19/2003,1.52857101'
2023-10-03 15:47:00,694.Netflix_Producer.INFO  [x] Sent b'6/19/2003,15425200'
2023-10-03 15:47:01,720.Netflix_Producer.INFO  [x] Sent b'6/20/2003,1.549999952'
2023-10-03 15:47:01,728.Netflix_Producer.INFO  [x] Sent b'6/20/2003,1.583570957'
2023-10-03 15:47:01,733.Netflix_Producer.INFO  [x] Sent b'6/20/2003,13018600'
2023-10-03 15:47:02,746.Netflix_Producer.INFO  [x] Sent b'6/23/2003,1.53571403'
2023-10-03 15:47:02,754.Netflix_Producer.INFO  [x] Sent b'6/23/2003,1.539999962'
2023-10-03 15:47:02,775.Netflix_Producer.INFO  [x] Sent b'6/23/2003,8699600'
2023-10-03 15:47:03,789.Netflix_Producer.INFO  [x] Sent b'6/24/2003,1.632143021'
2023-10-03 15:47:03,796.Netflix_Producer.INFO  [x] Sent b'6/24/2003,1.52857101'
2023-10-03 15:47:03,803.Netflix_Producer.INFO  [x] Sent b'6/24/2003,33681200'
2023-10-03 15:47:04,825.Netflix_Producer.INFO  [x] Sent b'6/25/2003,1.651429057'
2023-10-03 15:47:04,833.Netflix_Producer.INFO  [x] Sent b'6/25/2003,1.678570986'
2023-10-03 15:47:04,839.Netflix_Producer.INFO  [x] Sent b'6/25/2003,18978400'
2023-10-03 15:47:05,856.Netflix_Producer.INFO  [x] Sent b'6/26/2003,1.777143002'
2023-10-03 15:47:05,861.Netflix_Producer.INFO  [x] Sent b'6/26/2003,1.658571005'
2023-10-03 15:47:05,866.Netflix_Producer.INFO  [x] Sent b'6/26/2003,32257400'
2023-10-03 15:47:06,883.Netflix_Producer.INFO  [x] Sent b'6/27/2003,1.77857101'
2023-10-03 15:47:06,890.Netflix_Producer.INFO  [x] Sent b'6/27/2003,1.784999967'
2023-10-03 15:47:06,896.Netflix_Producer.INFO  [x] Sent b'6/27/2003,18111800'
2023-10-03 15:47:07,910.Netflix_Producer.INFO  [x] Sent b'6/30/2003,1.825000048'
2023-10-03 15:47:07,917.Netflix_Producer.INFO  [x] Sent b'6/30/2003,1.792142987'
2023-10-03 15:47:07,922.Netflix_Producer.INFO  [x] Sent b'6/30/2003,26012000'
2023-10-03 15:47:08,935.Netflix_Producer.INFO  [x] Sent b'7/1/2003,1.767856956'
2023-10-03 15:47:08,943.Netflix_Producer.INFO  [x] Sent b'7/1/2003,1.828570962'
2023-10-03 15:47:08,950.Netflix_Producer.INFO  [x] Sent b'7/1/2003,12356400'
2023-10-03 15:47:09,959.Netflix_Producer.INFO  [x] Sent b'7/2/2003,1.940000057'
2023-10-03 15:47:09,966.Netflix_Producer.INFO  [x] Sent b'7/2/2003,1.854285955'
2023-10-03 15:47:09,971.Netflix_Producer.INFO  [x] Sent b'7/2/2003,39071200'
2023-10-03 15:47:10,983.Netflix_Producer.INFO  [x] Sent b'7/3/2003,1.982143044'
2023-10-03 15:47:10,991.Netflix_Producer.INFO  [x] Sent b'7/3/2003,1.921429038'
2023-10-03 15:47:10,996.Netflix_Producer.INFO  [x] Sent b'7/3/2003,8202600'
2023-10-03 15:47:12,006.Netflix_Producer.INFO  [x] Sent b'7/7/2003,1.914286017'
2023-10-03 15:47:12,012.Netflix_Producer.INFO  [x] Sent b'7/7/2003,1.96428597'
2023-10-03 15:47:12,017.Netflix_Producer.INFO  [x] Sent b'7/7/2003,19467000'
2023-10-03 15:47:13,048.Netflix_Producer.INFO  [x] Sent b'7/8/2003,1.959285975'
2023-10-03 15:47:13,055.Netflix_Producer.INFO  [x] Sent b'7/8/2003,1.928570986'
2023-10-03 15:47:13,060.Netflix_Producer.INFO  [x] Sent b'7/8/2003,10750600'
2023-10-03 15:47:14,075.Netflix_Producer.INFO  [x] Sent b'7/9/2003,1.968570948'
2023-10-03 15:47:14,082.Netflix_Producer.INFO  [x] Sent b'7/9/2003,1.957142949'
2023-10-03 15:47:14,088.Netflix_Producer.INFO  [x] Sent b'7/9/2003,9632000'
2023-10-03 15:47:15,101.Netflix_Producer.INFO  [x] Sent b'7/10/2003,1.922142982'
2023-10-03 15:47:15,109.Netflix_Producer.INFO  [x] Sent b'7/10/2003,1.955000043'
2023-10-03 15:47:15,114.Netflix_Producer.INFO  [x] Sent b'7/10/2003,8754200'
2023-10-03 15:47:16,125.Netflix_Producer.INFO  [x] Sent b'7/11/2003,1.892143011'
2023-10-03 15:47:16,131.Netflix_Producer.INFO  [x] Sent b'7/11/2003,1.90071404'
2023-10-03 15:47:16,136.Netflix_Producer.INFO  [x] Sent b'7/11/2003,7936600'
2023-10-03 15:47:17,153.Netflix_Producer.INFO  [x] Sent b'7/14/2003,2.00999999'
2023-10-03 15:47:17,160.Netflix_Producer.INFO  [x] Sent b'7/14/2003,1.902856946'
2023-10-03 15:47:17,166.Netflix_Producer.INFO  [x] Sent b'7/14/2003,11862200'
2023-10-03 15:47:18,179.Netflix_Producer.INFO  [x] Sent b'7/15/2003,1.884286046'
2023-10-03 15:47:18,184.Netflix_Producer.INFO  [x] Sent b'7/15/2003,1.904999971'
2023-10-03 15:47:18,189.Netflix_Producer.INFO  [x] Sent b'7/15/2003,17588200'
2023-10-03 15:47:19,202.Netflix_Producer.INFO  [x] Sent b'7/16/2003,1.820000052'
2023-10-03 15:47:19,208.Netflix_Producer.INFO  [x] Sent b'7/16/2003,1.90357101'
2023-10-03 15:47:19,212.Netflix_Producer.INFO  [x] Sent b'7/16/2003,13533800'
2023-10-03 15:47:20,225.Netflix_Producer.INFO  [x] Sent b'7/17/2003,1.805714011'
2023-10-03 15:47:20,232.Netflix_Producer.INFO  [x] Sent b'7/17/2003,1.802857041'
2023-10-03 15:47:20,237.Netflix_Producer.INFO  [x] Sent b'7/17/2003,17141600'
2023-10-03 15:47:21,248.Netflix_Producer.INFO  [x] Sent b'7/18/2003,1.725000024'
2023-10-03 15:47:21,255.Netflix_Producer.INFO  [x] Sent b'7/18/2003,1.822142959'
2023-10-03 15:47:21,261.Netflix_Producer.INFO  [x] Sent b'7/18/2003,36236200'
2023-10-03 15:47:22,276.Netflix_Producer.INFO  [x] Sent b'7/21/2003,1.680714011'
2023-10-03 15:47:22,284.Netflix_Producer.INFO  [x] Sent b'7/21/2003,1.725713968'
2023-10-03 15:47:22,290.Netflix_Producer.INFO  [x] Sent b'7/21/2003,10924200'
2023-10-03 15:47:23,306.Netflix_Producer.INFO  [x] Sent b'7/22/2003,1.764286041'
2023-10-03 15:47:23,311.Netflix_Producer.INFO  [x] Sent b'7/22/2003,1.680714011'
2023-10-03 15:47:23,318.Netflix_Producer.INFO  [x] Sent b'7/22/2003,11524800'
2023-10-03 15:47:24,340.Netflix_Producer.INFO  [x] Sent b'7/23/2003,1.904999971'
2023-10-03 15:47:24,348.Netflix_Producer.INFO  [x] Sent b'7/23/2003,1.77571404'
2023-10-03 15:47:24,354.Netflix_Producer.INFO  [x] Sent b'7/23/2003,21898800'
2023-10-03 15:47:25,368.Netflix_Producer.INFO  [x] Sent b'7/24/2003,1.885714054'
2023-10-03 15:47:25,374.Netflix_Producer.INFO  [x] Sent b'7/24/2003,1.921429038'
2023-10-03 15:47:25,379.Netflix_Producer.INFO  [x] Sent b'7/24/2003,10841600'
2023-10-03 15:47:26,391.Netflix_Producer.INFO  [x] Sent b'7/25/2003,1.929999948'
2023-10-03 15:47:26,397.Netflix_Producer.INFO  [x] Sent b'7/25/2003,1.863571048'
2023-10-03 15:47:26,402.Netflix_Producer.INFO  [x] Sent b'7/25/2003,5534200'
2023-10-03 15:47:27,420.Netflix_Producer.INFO  [x] Sent b'7/28/2003,1.901429057'
2023-10-03 15:47:27,426.Netflix_Producer.INFO  [x] Sent b'7/28/2003,1.896428943'
2023-10-03 15:47:27,431.Netflix_Producer.INFO  [x] Sent b'7/28/2003,7495600'
2023-10-03 15:47:28,443.Netflix_Producer.INFO  [x] Sent b'7/29/2003,1.906429052'
2023-10-03 15:47:28,450.Netflix_Producer.INFO  [x] Sent b'7/29/2003,1.91071403'
2023-10-03 15:47:28,456.Netflix_Producer.INFO  [x] Sent b'7/29/2003,5357800'
2023-10-03 15:47:29,471.Netflix_Producer.INFO  [x] Sent b'7/30/2003,1.853571057'
2023-10-03 15:47:29,478.Netflix_Producer.INFO  [x] Sent b'7/30/2003,1.91071403'
2023-10-03 15:47:29,484.Netflix_Producer.INFO  [x] Sent b'7/30/2003,5286400'
2023-10-03 15:47:30,493.Netflix_Producer.INFO  [x] Sent b'7/31/2003,1.871428967'
2023-10-03 15:47:30,499.Netflix_Producer.INFO  [x] Sent b'7/31/2003,1.875'
2023-10-03 15:47:30,503.Netflix_Producer.INFO  [x] Sent b'7/31/2003,8534400'
2023-10-03 15:47:31,526.Netflix_Producer.INFO  [x] Sent b'8/1/2003,1.782142997'
2023-10-03 15:47:31,533.Netflix_Producer.INFO  [x] Sent b'8/1/2003,1.851428986'
2023-10-03 15:47:31,547.Netflix_Producer.INFO  [x] Sent b'8/1/2003,6339200'
2023-10-03 15:47:32,583.Netflix_Producer.INFO  [x] Sent b'8/4/2003,1.782142997'
2023-10-03 15:47:32,615.Netflix_Producer.INFO  [x] Sent b'8/4/2003,1.782142997'
2023-10-03 15:47:32,622.Netflix_Producer.INFO  [x] Sent b'8/4/2003,3676400'
2023-10-03 15:47:33,646.Netflix_Producer.INFO  [x] Sent b'8/5/2003,1.736428976'
2023-10-03 15:47:33,654.Netflix_Producer.INFO  [x] Sent b'8/5/2003,1.792857051'
2023-10-03 15:47:33,660.Netflix_Producer.INFO  [x] Sent b'8/5/2003,3084200'
2023-10-03 15:47:34,680.Netflix_Producer.INFO  [x] Sent b'8/6/2003,1.668570995'
2023-10-03 15:47:34,686.Netflix_Producer.INFO  [x] Sent b'8/6/2003,1.742856979'
2023-10-03 15:47:34,693.Netflix_Producer.INFO  [x] Sent b'8/6/2003,8113000'
2023-10-03 15:47:35,706.Netflix_Producer.INFO  [x] Sent b'8/7/2003,1.649286032'
2023-10-03 15:47:35,725.Netflix_Producer.INFO  [x] Sent b'8/7/2003,1.65071404'
2023-10-03 15:47:35,752.Netflix_Producer.INFO  [x] Sent b'8/7/2003,7893200'
2023-10-03 15:47:36,762.Netflix_Producer.INFO  [x] Sent b'8/8/2003,1.677857041'
2023-10-03 15:47:36,770.Netflix_Producer.INFO  [x] Sent b'8/8/2003,1.649999976'
2023-10-03 15:47:36,777.Netflix_Producer.INFO  [x] Sent b'8/8/2003,3339000'
2023-10-03 15:47:37,790.Netflix_Producer.INFO  [x] Sent b'8/11/2003,1.772856951'
2023-10-03 15:47:37,799.Netflix_Producer.INFO  [x] Sent b'8/11/2003,1.667857051'
2023-10-03 15:47:37,819.Netflix_Producer.INFO  [x] Sent b'8/11/2003,6280400'
2023-10-03 15:47:38,845.Netflix_Producer.INFO  [x] Sent b'8/12/2003,1.776429057'
2023-10-03 15:47:38,851.Netflix_Producer.INFO  [x] Sent b'8/12/2003,1.780714035'
2023-10-03 15:47:38,856.Netflix_Producer.INFO  [x] Sent b'8/12/2003,3010000'
2023-10-03 15:47:39,867.Netflix_Producer.INFO  [x] Sent b'8/13/2003,1.730000019'
2023-10-03 15:47:39,873.Netflix_Producer.INFO  [x] Sent b'8/13/2003,1.777143002'
2023-10-03 15:47:39,879.Netflix_Producer.INFO  [x] Sent b'8/13/2003,4537400'
2023-10-03 15:47:40,891.Netflix_Producer.INFO  [x] Sent b'8/14/2003,1.781429052'
2023-10-03 15:47:40,896.Netflix_Producer.INFO  [x] Sent b'8/14/2003,1.73714304'
2023-10-03 15:47:40,901.Netflix_Producer.INFO  [x] Sent b'8/14/2003,11293800'
2023-10-03 15:47:41,920.Netflix_Producer.INFO  [x] Sent b'8/15/2003,1.784999967'
2023-10-03 15:47:41,927.Netflix_Producer.INFO  [x] Sent b'8/15/2003,1.792857051'
2023-10-03 15:47:41,933.Netflix_Producer.INFO  [x] Sent b'8/15/2003,5117000'
2023-10-03 15:47:42,946.Netflix_Producer.INFO  [x] Sent b'8/18/2003,1.774999976'
2023-10-03 15:47:42,952.Netflix_Producer.INFO  [x] Sent b'8/18/2003,1.792857051'
2023-10-03 15:47:42,958.Netflix_Producer.INFO  [x] Sent b'8/18/2003,6335000'
2023-10-03 15:47:43,972.Netflix_Producer.INFO  [x] Sent b'8/19/2003,1.845713973'
2023-10-03 15:47:43,979.Netflix_Producer.INFO  [x] Sent b'8/19/2003,1.792142987'
2023-10-03 15:47:43,985.Netflix_Producer.INFO  [x] Sent b'8/19/2003,8705200'
2023-10-03 15:47:44,996.Netflix_Producer.INFO  [x] Sent b'8/20/2003,1.980000019'
2023-10-03 15:47:45,004.Netflix_Producer.INFO  [x] Sent b'8/20/2003,1.836429'
2023-10-03 15:47:45,010.Netflix_Producer.INFO  [x] Sent b'8/20/2003,29337000'
2023-10-03 15:47:46,025.Netflix_Producer.INFO  [x] Sent b'8/21/2003,2.059999943'
2023-10-03 15:47:46,033.Netflix_Producer.INFO  [x] Sent b'8/21/2003,2.017857075'
2023-10-03 15:47:46,038.Netflix_Producer.INFO  [x] Sent b'8/21/2003,19553800'
2023-10-03 15:47:47,051.Netflix_Producer.INFO  [x] Sent b'8/22/2003,2.057142973'
2023-10-03 15:47:47,056.Netflix_Producer.INFO  [x] Sent b'8/22/2003,2.069286108'
2023-10-03 15:47:47,061.Netflix_Producer.INFO  [x] Sent b'8/22/2003,8395800'
2023-10-03 15:47:48,079.Netflix_Producer.INFO  [x] Sent b'8/25/2003,2.005000114'
2023-10-03 15:47:48,085.Netflix_Producer.INFO  [x] Sent b'8/25/2003,2.036428928'
2023-10-03 15:47:48,090.Netflix_Producer.INFO  [x] Sent b'8/25/2003,6892200'
2023-10-03 15:47:49,103.Netflix_Producer.INFO  [x] Sent b'8/26/2003,2.12785697'
2023-10-03 15:47:49,131.Netflix_Producer.INFO  [x] Sent b'8/26/2003,1.992856979'
2023-10-03 15:47:49,137.Netflix_Producer.INFO  [x] Sent b'8/26/2003,13178200'
2023-10-03 15:47:50,161.Netflix_Producer.INFO  [x] Sent b'8/27/2003,2.312143087'
2023-10-03 15:47:50,171.Netflix_Producer.INFO  [x] Sent b'8/27/2003,2.142857075'
2023-10-03 15:47:50,179.Netflix_Producer.INFO  [x] Sent b'8/27/2003,33322800'
2023-10-03 15:47:51,190.Netflix_Producer.INFO  [x] Sent b'8/28/2003,2.25999999'
2023-10-03 15:47:51,195.Netflix_Producer.INFO  [x] Sent b'8/28/2003,2.355714083'
2023-10-03 15:47:51,202.Netflix_Producer.INFO  [x] Sent b'8/28/2003,13720000'
2023-10-03 15:47:52,222.Netflix_Producer.INFO  [x] Sent b'8/29/2003,2.38071394'
2023-10-03 15:47:52,229.Netflix_Producer.INFO  [x] Sent b'8/29/2003,2.249285936'
2023-10-03 15:47:52,235.Netflix_Producer.INFO  [x] Sent b'8/29/2003,11130000'
2023-10-03 15:47:53,256.Netflix_Producer.INFO  [x] Sent b'9/2/2003,2.40357089'
2023-10-03 15:47:53,263.Netflix_Producer.INFO  [x] Sent b'9/2/2003,2.373570919'
2023-10-03 15:47:53,269.Netflix_Producer.INFO  [x] Sent b'9/2/2003,27102600'
2023-10-03 15:47:54,292.Netflix_Producer.INFO  [x] Sent b'9/3/2003,2.378571033'
2023-10-03 15:47:54,299.Netflix_Producer.INFO  [x] Sent b'9/3/2003,2.465713978'
2023-10-03 15:47:54,304.Netflix_Producer.INFO  [x] Sent b'9/3/2003,23833600'
2023-10-03 15:47:55,323.Netflix_Producer.INFO  [x] Sent b'9/4/2003,2.392143011'
2023-10-03 15:47:55,329.Netflix_Producer.INFO  [x] Sent b'9/4/2003,2.371428967'
2023-10-03 15:47:55,335.Netflix_Producer.INFO  [x] Sent b'9/4/2003,8240400'
2023-10-03 15:47:56,356.Netflix_Producer.INFO  [x] Sent b'9/5/2003,2.467856884'
2023-10-03 15:47:56,362.Netflix_Producer.INFO  [x] Sent b'9/5/2003,2.378571033'
2023-10-03 15:47:56,368.Netflix_Producer.INFO  [x] Sent b'9/5/2003,20844600'
2023-10-03 15:47:57,379.Netflix_Producer.INFO  [x] Sent b'9/8/2003,2.480000019'
2023-10-03 15:47:57,384.Netflix_Producer.INFO  [x] Sent b'9/8/2003,2.444286108'
2023-10-03 15:47:57,389.Netflix_Producer.INFO  [x] Sent b'9/8/2003,16699200'
2023-10-03 15:47:58,408.Netflix_Producer.INFO  [x] Sent b'9/9/2003,2.536428928'
2023-10-03 15:47:58,416.Netflix_Producer.INFO  [x] Sent b'9/9/2003,2.475713968'
2023-10-03 15:47:58,420.Netflix_Producer.INFO  [x] Sent b'9/9/2003,10875200'
2023-10-03 15:47:59,438.Netflix_Producer.INFO  [x] Sent b'9/10/2003,2.422142982'
2023-10-03 15:47:59,467.Netflix_Producer.INFO  [x] Sent b'9/10/2003,2.521429062'
2023-10-03 15:47:59,473.Netflix_Producer.INFO  [x] Sent b'9/10/2003,10642800'
2023-10-03 15:48:00,495.Netflix_Producer.INFO  [x] Sent b'9/11/2003,2.347856998'
2023-10-03 15:48:00,504.Netflix_Producer.INFO  [x] Sent b'9/11/2003,2.428570986'
2023-10-03 15:48:00,510.Netflix_Producer.INFO  [x] Sent b'9/11/2003,17785600'
2023-10-03 15:48:01,523.Netflix_Producer.INFO  [x] Sent b'9/12/2003,2.469285965'
2023-10-03 15:48:01,529.Netflix_Producer.INFO  [x] Sent b'9/12/2003,2.339286089'
2023-10-03 15:48:01,536.Netflix_Producer.INFO  [x] Sent b'9/12/2003,16142000'
2023-10-03 15:48:02,560.Netflix_Producer.INFO  [x] Sent b'9/15/2003,2.536428928'
2023-10-03 15:48:02,567.Netflix_Producer.INFO  [x] Sent b'9/15/2003,2.482142925'
2023-10-03 15:48:02,572.Netflix_Producer.INFO  [x] Sent b'9/15/2003,17876600'
2023-10-03 15:48:03,588.Netflix_Producer.INFO  [x] Sent b'9/16/2003,2.564285994'
2023-10-03 15:48:03,595.Netflix_Producer.INFO  [x] Sent b'9/16/2003,2.646429062'
2023-10-03 15:48:03,601.Netflix_Producer.INFO  [x] Sent b'9/16/2003,21684600'
2023-10-03 15:48:04,610.Netflix_Producer.INFO  [x] Sent b'9/17/2003,2.553570986'
2023-10-03 15:48:04,616.Netflix_Producer.INFO  [x] Sent b'9/17/2003,2.585714102'
2023-10-03 15:48:04,623.Netflix_Producer.INFO  [x] Sent b'9/17/2003,11204200'
2023-10-03 15:48:05,636.Netflix_Producer.INFO  [x] Sent b'9/18/2003,2.609999895'
2023-10-03 15:48:05,642.Netflix_Producer.INFO  [x] Sent b'9/18/2003,2.585714102'
2023-10-03 15:48:05,648.Netflix_Producer.INFO  [x] Sent b'9/18/2003,12215000'
2023-10-03 15:48:06,656.Netflix_Producer.INFO  [x] Sent b'9/19/2003,2.642857075'
2023-10-03 15:48:06,662.Netflix_Producer.INFO  [x] Sent b'9/19/2003,2.607142925'
2023-10-03 15:48:06,667.Netflix_Producer.INFO  [x] Sent b'9/19/2003,9605400'
2023-10-03 15:48:07,680.Netflix_Producer.INFO  [x] Sent b'9/22/2003,2.770714045'
2023-10-03 15:48:07,686.Netflix_Producer.INFO  [x] Sent b'9/22/2003,2.604285955'
2023-10-03 15:48:07,692.Netflix_Producer.INFO  [x] Sent b'9/22/2003,22540000'
2023-10-03 15:48:08,706.Netflix_Producer.INFO  [x] Sent b'9/23/2003,2.795000076'
2023-10-03 15:48:08,713.Netflix_Producer.INFO  [x] Sent b'9/23/2003,2.796428919'
2023-10-03 15:48:08,724.Netflix_Producer.INFO  [x] Sent b'9/23/2003,10446800'
2023-10-03 15:48:09,748.Netflix_Producer.INFO  [x] Sent b'9/24/2003,2.714286089'
2023-10-03 15:48:09,756.Netflix_Producer.INFO  [x] Sent b'9/24/2003,2.805713892'
2023-10-03 15:48:09,762.Netflix_Producer.INFO  [x] Sent b'9/24/2003,7385000'
2023-10-03 15:48:10,786.Netflix_Producer.INFO  [x] Sent b'9/25/2003,2.486428976'
2023-10-03 15:48:10,793.Netflix_Producer.INFO  [x] Sent b'9/25/2003,2.706429005'
2023-10-03 15:48:10,799.Netflix_Producer.INFO  [x] Sent b'9/25/2003,20911800'
2023-10-03 15:48:11,822.Netflix_Producer.INFO  [x] Sent b'9/26/2003,2.392143011'
2023-10-03 15:48:11,829.Netflix_Producer.INFO  [x] Sent b'9/26/2003,2.435714006'
2023-10-03 15:48:11,835.Netflix_Producer.INFO  [x] Sent b'9/26/2003,12187000'
2023-10-03 15:48:12,849.Netflix_Producer.INFO  [x] Sent b'9/29/2003,2.391428947'
2023-10-03 15:48:12,855.Netflix_Producer.INFO  [x] Sent b'9/29/2003,2.322143078'
2023-10-03 15:48:12,862.Netflix_Producer.INFO  [x] Sent b'9/29/2003,40265400'
2023-10-03 15:48:13,885.Netflix_Producer.INFO  [x] Sent b'9/30/2003,2.397142887'
2023-10-03 15:48:13,893.Netflix_Producer.INFO  [x] Sent b'9/30/2003,2.413570881'
2023-10-03 15:48:13,899.Netflix_Producer.INFO  [x] Sent b'9/30/2003,20711600'
2023-10-03 15:48:14,914.Netflix_Producer.INFO  [x] Sent b'10/1/2003,2.464999914'
2023-10-03 15:48:14,922.Netflix_Producer.INFO  [x] Sent b'10/1/2003,2.385714054'
2023-10-03 15:48:14,928.Netflix_Producer.INFO  [x] Sent b'10/1/2003,13876800'
2023-10-03 15:48:15,937.Netflix_Producer.INFO  [x] Sent b'10/2/2003,2.926429033'
2023-10-03 15:48:15,944.Netflix_Producer.INFO  [x] Sent b'10/2/2003,2.688570976'
2023-10-03 15:48:15,949.Netflix_Producer.INFO  [x] Sent b'10/2/2003,73129000'
2023-10-03 15:48:16,965.Netflix_Producer.INFO  [x] Sent b'10/3/2003,2.867856979'
2023-10-03 15:48:16,972.Netflix_Producer.INFO  [x] Sent b'10/3/2003,2.939285994'
2023-10-03 15:48:16,976.Netflix_Producer.INFO  [x] Sent b'10/3/2003,36274000'
2023-10-03 15:48:17,985.Netflix_Producer.INFO  [x] Sent b'10/6/2003,2.954286098'
2023-10-03 15:48:17,991.Netflix_Producer.INFO  [x] Sent b'10/6/2003,2.858571053'
2023-10-03 15:48:17,996.Netflix_Producer.INFO  [x] Sent b'10/6/2003,18425400'
2023-10-03 15:48:19,016.Netflix_Producer.INFO  [x] Sent b'10/7/2003,3.146429062'
2023-10-03 15:48:19,024.Netflix_Producer.INFO  [x] Sent b'10/7/2003,2.957856894'
2023-10-03 15:48:19,028.Netflix_Producer.INFO  [x] Sent b'10/7/2003,21939400'
2023-10-03 15:48:20,065.Netflix_Producer.INFO  [x] Sent b'10/8/2003,3.071429014'
2023-10-03 15:48:20,072.Netflix_Producer.INFO  [x] Sent b'10/8/2003,3.198570967'
2023-10-03 15:48:20,078.Netflix_Producer.INFO  [x] Sent b'10/8/2003,22066800'
2023-10-03 15:48:21,089.Netflix_Producer.INFO  [x] Sent b'10/9/2003,3.07642889'
2023-10-03 15:48:21,099.Netflix_Producer.INFO  [x] Sent b'10/9/2003,3.074285984'
2023-10-03 15:48:21,108.Netflix_Producer.INFO  [x] Sent b'10/9/2003,18671800'
2023-10-03 15:48:22,126.Netflix_Producer.INFO  [x] Sent b'10/10/2003,3.189285994'
2023-10-03 15:48:22,131.Netflix_Producer.INFO  [x] Sent b'10/10/2003,3.107142925'
2023-10-03 15:48:22,136.Netflix_Producer.INFO  [x] Sent b'10/10/2003,10221400'
2023-10-03 15:48:23,154.Netflix_Producer.INFO  [x] Sent b'10/13/2003,3.345000029'
2023-10-03 15:48:23,161.Netflix_Producer.INFO  [x] Sent b'10/13/2003,3.171428919'
2023-10-03 15:48:23,170.Netflix_Producer.INFO  [x] Sent b'10/13/2003,21089600'
2023-10-03 15:48:24,190.Netflix_Producer.INFO  [x] Sent b'10/14/2003,3.372857094'
2023-10-03 15:48:24,198.Netflix_Producer.INFO  [x] Sent b'10/14/2003,3.368571043'
2023-10-03 15:48:24,207.Netflix_Producer.INFO  [x] Sent b'10/14/2003,24176600'
