2023-10-03 15:45:18,677.Netflix_volume_consumer.INFO ==================================================
2023-10-03 15:45:18,678.Netflix_volume_consumer.INFO Today is 2023-10-03 at 03:45 PM
2023-10-03 15:45:18,678.Netflix_volume_consumer.INFO Running on: nt Windows 10
2023-10-03 15:45:18,678.Netflix_volume_consumer.INFO Python version:  3.9.12
2023-10-03 15:45:18,679.Netflix_volume_consumer.INFO Python path: C:\Users\alhal\miniconda3
2023-10-03 15:45:18,679.Netflix_volume_consumer.INFO Working dir: C:\Users\alhal\OneDrive\Documents\44-671\Module07_Netflix
2023-10-03 15:45:18,679.Netflix_volume_consumer.INFO ==================================================
2023-10-03 15:45:18,697.Netflix_volume_consumer.INFO  [*] Ready for work. To exit press CTRL+C
2023-10-03 15:45:18,697.Netflix_volume_consumer.INFO  [x] Received 7/1/2002,4585000
2023-10-03 15:45:18,697.Netflix_volume_consumer.INFO  [x] Done.
2023-10-03 15:45:18,698.Netflix_volume_consumer.INFO  [x] Received 7/2/2002,9020200
2023-10-03 15:45:18,698.Netflix_volume_consumer.INFO  [x] Done.
2023-10-03 15:45:18,699.Netflix_volume_consumer.INFO  [x] Received 7/3/2002,4957400
2023-10-03 15:45:18,700.Netflix_volume_consumer.INFO  [x] Done.
2023-10-03 15:45:18,702.Netflix_volume_consumer.INFO  [x] Received 7/5/2002,2003400
2023-10-03 15:45:18,702.Netflix_volume_consumer.INFO  [x] Done.
2023-10-03 15:45:18,703.Netflix_volume_consumer.INFO  [x] Received 7/8/2002,1953000
2023-10-03 15:45:18,703.Netflix_volume_consumer.INFO  [x] Done.
2023-10-03 15:45:18,704.Netflix_volume_consumer.INFO  [x] Received 7/9/2002,2935800
2023-10-03 15:45:18,704.Netflix_volume_consumer.INFO  [x] Done.
2023-10-03 15:45:18,705.Netflix_volume_consumer.INFO  [x] Received 7/10/2002,1554000
2023-10-03 15:45:18,705.Netflix_volume_consumer.INFO  [x] Done.
2023-10-03 15:45:18,706.Netflix_volume_consumer.INFO  [x] Received 7/11/2002,2529800
2023-10-03 15:45:18,706.Netflix_volume_consumer.INFO  [x] Done.
2023-10-03 15:45:18,707.Netflix_volume_consumer.INFO  [x] Received 7/12/2002,2837800
2023-10-03 15:45:18,707.Netflix_volume_consumer.INFO  [x] Done.
2023-10-03 15:45:18,708.Netflix_volume_consumer.INFO  [x] Received 7/15/2002,4239200
2023-10-03 15:45:18,708.Netflix_volume_consumer.INFO  [x] Done.
2023-10-03 15:45:18,710.Netflix_volume_consumer.INFO  [x] Received 7/16/2002,1941800
2023-10-03 15:45:18,710.Netflix_volume_consumer.INFO  [x] Done.
2023-10-03 15:45:18,710.Netflix_volume_consumer.INFO  [x] Received 7/17/2002,1261400
2023-10-03 15:45:18,710.Netflix_volume_consumer.INFO  [x] Done.
2023-10-03 15:45:18,711.Netflix_volume_consumer.INFO  [x] Received 7/18/2002,2899400
2023-10-03 15:45:18,711.Netflix_volume_consumer.INFO  [x] Done.
2023-10-03 15:45:18,712.Netflix_volume_consumer.INFO  [x] Received 7/19/2002,1792000
2023-10-03 15:45:18,712.Netflix_volume_consumer.INFO  [x] Done.
2023-10-03 15:45:18,712.Netflix_volume_consumer.INFO  [x] Received 7/22/2002,1993600
2023-10-03 15:45:18,712.Netflix_volume_consumer.INFO  [x] Done.
2023-10-03 15:45:18,713.Netflix_volume_consumer.INFO  [x] Received 7/23/2002,1577800
2023-10-03 15:45:18,713.Netflix_volume_consumer.INFO  [x] Done.
2023-10-03 15:45:18,716.Netflix_volume_consumer.INFO  [x] Received 7/24/2002,3355800
2023-10-03 15:45:18,717.Netflix_volume_consumer.INFO  [x] Done.
2023-10-03 15:45:18,717.Netflix_volume_consumer.INFO  [x] Received 7/25/2002,4755800
2023-10-03 15:45:18,717.Netflix_volume_consumer.INFO  [x] Done.
2023-10-03 15:45:18,718.Netflix_volume_consumer.INFO  [x] Received 7/26/2002,7046200
2023-10-03 15:45:18,718.Netflix_volume_consumer.INFO  [x] Done.
2023-10-03 15:45:18,719.Netflix_volume_consumer.INFO  [x] Received 7/29/2002,3260600
2023-10-03 15:45:18,719.Netflix_volume_consumer.INFO  [x] Done.
2023-10-03 15:45:18,719.Netflix_volume_consumer.INFO  [x] Received 7/30/2002,3777200
2023-10-03 15:45:18,720.Netflix_volume_consumer.INFO  [x] Done.
2023-10-03 15:45:18,720.Netflix_volume_consumer.INFO  [x] Received 7/31/2002,3333400
2023-10-03 15:45:18,720.Netflix_volume_consumer.INFO  [x] Done.
2023-10-03 15:45:18,721.Netflix_volume_consumer.INFO  [x] Received 8/1/2002,4529000
2023-10-03 15:45:18,721.Netflix_volume_consumer.INFO  [x] Done.
2023-10-03 15:45:18,721.Netflix_volume_consumer.INFO  [x] Received 8/2/2002,6655600
2023-10-03 15:45:18,722.Netflix_volume_consumer.INFO  [x] Done.
2023-10-03 15:45:18,722.Netflix_volume_consumer.INFO  [x] Received 8/5/2002,3808000
2023-10-03 15:45:18,722.Netflix_volume_consumer.INFO  [x] Done.
2023-10-03 15:45:18,723.Netflix_volume_consumer.INFO  [x] Received 8/6/2002,3217200
2023-10-03 15:45:18,723.Netflix_volume_consumer.INFO  [x] Done.
2023-10-03 15:45:18,723.Netflix_volume_consumer.INFO  [x] Received 8/7/2002,2758000
2023-10-03 15:45:18,724.Netflix_volume_consumer.INFO  [x] Done.
2023-10-03 15:45:18,724.Netflix_volume_consumer.INFO  [x] Received 8/8/2002,2283400
2023-10-03 15:45:18,724.Netflix_volume_consumer.INFO  [x] Done.
2023-10-03 15:45:18,725.Netflix_volume_consumer.INFO  [x] Received 8/9/2002,1500800
2023-10-03 15:45:18,725.Netflix_volume_consumer.INFO  [x] Done.
2023-10-03 15:45:18,725.Netflix_volume_consumer.INFO  [x] Received 8/12/2002,2130800
2023-10-03 15:45:18,726.Netflix_volume_consumer.INFO  [x] Done.
2023-10-03 15:45:18,726.Netflix_volume_consumer.INFO  [x] Received 8/13/2002,1677200
2023-10-03 15:45:18,726.Netflix_volume_consumer.INFO  [x] Done.
2023-10-03 15:45:18,727.Netflix_volume_consumer.INFO  [x] Received 8/14/2002,4047400
2023-10-03 15:45:18,727.Netflix_volume_consumer.INFO  [x] Done.
2023-10-03 15:45:18,727.Netflix_volume_consumer.INFO  [x] Received 8/15/2002,3263400
2023-10-03 15:45:18,728.Netflix_volume_consumer.INFO  [x] Done.
2023-10-03 15:45:18,728.Netflix_volume_consumer.INFO  [x] Received 8/16/2002,1828400
2023-10-03 15:45:18,728.Netflix_volume_consumer.INFO  [x] Done.
2023-10-03 15:45:18,729.Netflix_volume_consumer.INFO  [x] Received 8/19/2002,2074800
2023-10-03 15:45:18,729.Netflix_volume_consumer.INFO  [x] Done.
2023-10-03 15:45:18,729.Netflix_volume_consumer.INFO  [x] Received 8/20/2002,2539600
2023-10-03 15:45:18,730.Netflix_volume_consumer.INFO  [x] Done.
2023-10-03 15:45:18,730.Netflix_volume_consumer.INFO  [x] Received 8/21/2002,2779000
2023-10-03 15:45:18,730.Netflix_volume_consumer.INFO  [x] Done.
2023-10-03 15:45:18,731.Netflix_volume_consumer.INFO  [x] Received 8/22/2002,2963800
2023-10-03 15:45:18,731.Netflix_volume_consumer.INFO  [x] Done.
2023-10-03 15:45:18,731.Netflix_volume_consumer.INFO  [x] Received 8/23/2002,2406600
2023-10-03 15:45:18,732.Netflix_volume_consumer.INFO  [x] Done.
2023-10-03 15:45:18,735.Netflix_volume_consumer.INFO  [x] Received 8/26/2002,2644600
2023-10-03 15:45:18,735.Netflix_volume_consumer.INFO  [x] Done.
2023-10-03 15:45:18,735.Netflix_volume_consumer.INFO  [x] Received 8/27/2002,4984000
2023-10-03 15:45:18,735.Netflix_volume_consumer.INFO  [x] Done.
2023-10-03 15:45:18,736.Netflix_volume_consumer.INFO  [x] Received 8/28/2002,2275000
2023-10-03 15:45:18,736.Netflix_volume_consumer.INFO  [x] Done.
2023-10-03 15:45:18,737.Netflix_volume_consumer.INFO  [x] Received 8/29/2002,2395400
2023-10-03 15:45:18,737.Netflix_volume_consumer.INFO  [x] Done.
2023-10-03 15:45:18,737.Netflix_volume_consumer.INFO  [x] Received 8/30/2002,2121000
2023-10-03 15:45:18,738.Netflix_volume_consumer.INFO  [x] Done.
2023-10-03 15:45:18,738.Netflix_volume_consumer.INFO  [x] Received 9/3/2002,1593200
2023-10-03 15:45:18,738.Netflix_volume_consumer.INFO  [x] Done.
2023-10-03 15:45:18,739.Netflix_volume_consumer.INFO  [x] Received 9/4/2002,373800
2023-10-03 15:45:18,739.Netflix_volume_consumer.INFO  [x] Done.
2023-10-03 15:45:18,741.Netflix_volume_consumer.INFO  [x] Received 9/5/2002,285600
2023-10-03 15:45:18,741.Netflix_volume_consumer.INFO  [x] Done.
2023-10-03 15:45:18,741.Netflix_volume_consumer.INFO  [x] Received 9/6/2002,763000
2023-10-03 15:45:18,742.Netflix_volume_consumer.INFO  [x] Done.
2023-10-03 15:45:18,742.Netflix_volume_consumer.INFO  [x] Received 9/9/2002,1419600
2023-10-03 15:45:18,742.Netflix_volume_consumer.INFO  [x] Done.
2023-10-03 15:45:18,743.Netflix_volume_consumer.INFO  [x] Received 9/10/2002,4746000
2023-10-03 15:45:18,743.Netflix_volume_consumer.INFO  [x] Done.
2023-10-03 15:45:18,743.Netflix_volume_consumer.INFO  [x] Received 9/11/2002,1629600
2023-10-03 15:45:18,744.Netflix_volume_consumer.INFO  [x] Done.
2023-10-03 15:45:18,744.Netflix_volume_consumer.INFO  [x] Received 9/12/2002,1943200
2023-10-03 15:45:18,744.Netflix_volume_consumer.INFO  [x] Done.
2023-10-03 15:45:18,745.Netflix_volume_consumer.INFO  [x] Received 9/13/2002,2485000
2023-10-03 15:45:18,745.Netflix_volume_consumer.INFO  [x] Done.
2023-10-03 15:45:18,745.Netflix_volume_consumer.INFO  [x] Received 9/16/2002,3512600
2023-10-03 15:45:18,745.Netflix_volume_consumer.INFO  [x] Done.
2023-10-03 15:45:18,746.Netflix_volume_consumer.INFO  [x] Received 9/17/2002,2863000
2023-10-03 15:45:18,746.Netflix_volume_consumer.INFO  [x] Done.
2023-10-03 15:45:18,746.Netflix_volume_consumer.INFO  [x] Received 9/18/2002,1521800
2023-10-03 15:45:18,747.Netflix_volume_consumer.INFO  [x] Done.
2023-10-03 15:45:18,747.Netflix_volume_consumer.INFO  [x] Received 9/19/2002,4978400
2023-10-03 15:45:18,747.Netflix_volume_consumer.INFO  [x] Done.
2023-10-03 15:45:18,748.Netflix_volume_consumer.INFO  [x] Received 9/20/2002,3484600
2023-10-03 15:45:18,749.Netflix_volume_consumer.INFO  [x] Done.
2023-10-03 15:45:18,750.Netflix_volume_consumer.INFO  [x] Received 9/23/2002,4839800
2023-10-03 15:45:18,750.Netflix_volume_consumer.INFO  [x] Done.
2023-10-03 15:45:18,750.Netflix_volume_consumer.INFO  [x] Received 9/24/2002,3747800
2023-10-03 15:45:18,751.Netflix_volume_consumer.INFO  [x] Done.
2023-10-03 15:45:18,751.Netflix_volume_consumer.INFO  [x] Received 9/25/2002,1457400
2023-10-03 15:45:18,751.Netflix_volume_consumer.INFO  [x] Done.
2023-10-03 15:45:18,752.Netflix_volume_consumer.INFO  [x] Received 9/26/2002,4162200
2023-10-03 15:45:18,752.Netflix_volume_consumer.INFO  [x] Done.
2023-10-03 15:45:18,752.Netflix_volume_consumer.INFO  [x] Received 9/27/2002,5105800
2023-10-03 15:45:18,753.Netflix_volume_consumer.INFO  [x] Done.
2023-10-03 15:45:18,753.Netflix_volume_consumer.INFO  [x] Received 9/30/2002,4837000
2023-10-03 15:45:18,753.Netflix_volume_consumer.INFO  [x] Done.
2023-10-03 15:45:18,754.Netflix_volume_consumer.INFO  [x] Received 10/1/2002,3850000
2023-10-03 15:45:18,754.Netflix_volume_consumer.INFO  [x] Done.
2023-10-03 15:45:18,754.Netflix_volume_consumer.INFO  [x] Received 10/2/2002,9314200
2023-10-03 15:45:18,754.Netflix_volume_consumer.INFO  [x] Done.
2023-10-03 15:45:18,755.Netflix_volume_consumer.INFO  [x] Received 10/3/2002,9765000
2023-10-03 15:45:18,755.Netflix_volume_consumer.INFO  [x] Done.
2023-10-03 15:45:18,756.Netflix_volume_consumer.INFO  [x] Received 10/4/2002,8433600
2023-10-03 15:45:18,756.Netflix_volume_consumer.INFO  [x] Done.
2023-10-03 15:45:18,756.Netflix_volume_consumer.INFO  [x] Received 10/7/2002,15724800
2023-10-03 15:45:18,757.Netflix_volume_consumer.INFO  [x] Done.
2023-10-03 15:45:18,757.Netflix_volume_consumer.INFO  [x] Received 10/8/2002,4531800
2023-10-03 15:45:18,758.Netflix_volume_consumer.INFO  [x] Done.
2023-10-03 15:45:18,758.Netflix_volume_consumer.INFO  [x] Received 10/9/2002,5982200
2023-10-03 15:45:18,758.Netflix_volume_consumer.INFO  [x] Done.
2023-10-03 15:45:18,759.Netflix_volume_consumer.INFO  [x] Received 10/10/2002,13577200
2023-10-03 15:45:18,759.Netflix_volume_consumer.INFO  [x] Done.
2023-10-03 15:45:18,759.Netflix_volume_consumer.INFO  [x] Received 10/11/2002,13281800
2023-10-03 15:45:18,760.Netflix_volume_consumer.INFO  [x] Done.
2023-10-03 15:45:18,760.Netflix_volume_consumer.INFO  [x] Received 10/14/2002,5272400
2023-10-03 15:45:18,760.Netflix_volume_consumer.INFO  [x] Done.
2023-10-03 15:45:18,761.Netflix_volume_consumer.INFO  [x] Received 10/15/2002,4125800
2023-10-03 15:45:18,761.Netflix_volume_consumer.INFO  [x] Done.
2023-10-03 15:45:18,762.Netflix_volume_consumer.INFO  [x] Received 10/16/2002,5800200
2023-10-03 15:45:18,762.Netflix_volume_consumer.INFO  [x] Done.
2023-10-03 15:45:18,762.Netflix_volume_consumer.INFO  [x] Received 10/17/2002,7481600
2023-10-03 15:45:18,762.Netflix_volume_consumer.INFO  [x] Done.
2023-10-03 15:45:18,764.Netflix_volume_consumer.INFO  [x] Received 10/18/2002,24904600
2023-10-03 15:45:18,765.Netflix_volume_consumer.INFO  [x] Done.
2023-10-03 15:45:18,766.Netflix_volume_consumer.INFO  [x] Received 10/21/2002,9686600
2023-10-03 15:45:18,766.Netflix_volume_consumer.INFO  [x] Done.
2023-10-03 15:45:18,767.Netflix_volume_consumer.INFO  [x] Received 10/22/2002,4263000
2023-10-03 15:45:18,767.Netflix_volume_consumer.INFO  [x] Done.
2023-10-03 15:45:18,768.Netflix_volume_consumer.INFO  [x] Received 10/23/2002,3539200
2023-10-03 15:45:18,768.Netflix_volume_consumer.INFO  [x] Done.
2023-10-03 15:45:18,769.Netflix_volume_consumer.INFO  [x] Received 10/24/2002,2431800
2023-10-03 15:45:18,769.Netflix_volume_consumer.INFO  [x] Done.
2023-10-03 15:45:18,769.Netflix_volume_consumer.INFO  [x] Received 10/25/2002,6447000
2023-10-03 15:45:18,769.Netflix_volume_consumer.INFO  [x] Done.
2023-10-03 15:45:18,770.Netflix_volume_consumer.INFO  [x] Received 10/28/2002,5647600
2023-10-03 15:45:18,770.Netflix_volume_consumer.INFO  [x] Done.
2023-10-03 15:45:18,771.Netflix_volume_consumer.INFO  [x] Received 10/29/2002,2004800
2023-10-03 15:45:18,771.Netflix_volume_consumer.INFO  [x] Done.
2023-10-03 15:45:18,772.Netflix_volume_consumer.INFO  [x] Received 10/30/2002,1423800
2023-10-03 15:45:18,772.Netflix_volume_consumer.INFO  [x] Done.
2023-10-03 15:45:18,773.Netflix_volume_consumer.INFO  [x] Received 10/31/2002,1659000
2023-10-03 15:45:18,774.Netflix_volume_consumer.INFO  [x] Done.
2023-10-03 15:45:18,774.Netflix_volume_consumer.INFO  [x] Received 11/1/2002,2126600
2023-10-03 15:45:18,774.Netflix_volume_consumer.INFO  [x] Done.
2023-10-03 15:45:18,775.Netflix_volume_consumer.INFO  [x] Received 11/4/2002,3589600
2023-10-03 15:45:18,775.Netflix_volume_consumer.INFO  [x] Done.
2023-10-03 15:45:18,776.Netflix_volume_consumer.INFO  [x] Received 11/5/2002,1045800
2023-10-03 15:45:18,776.Netflix_volume_consumer.INFO  [x] Done.
2023-10-03 15:45:18,777.Netflix_volume_consumer.INFO  [x] Received 11/6/2002,7032200
2023-10-03 15:45:18,777.Netflix_volume_consumer.INFO  [x] Done.
2023-10-03 15:45:18,777.Netflix_volume_consumer.INFO  [x] Received 11/7/2002,2585800
2023-10-03 15:45:18,778.Netflix_volume_consumer.INFO  [x] Done.
2023-10-03 15:45:18,778.Netflix_volume_consumer.INFO  [x] Received 11/8/2002,4922400
2023-10-03 15:45:18,780.Netflix_volume_consumer.INFO  [x] Done.
2023-10-03 15:45:18,780.Netflix_volume_consumer.INFO  [x] Received 11/11/2002,371000
2023-10-03 15:45:18,781.Netflix_volume_consumer.INFO  [x] Done.
2023-10-03 15:45:18,781.Netflix_volume_consumer.INFO  [x] Received 11/12/2002,2191000
2023-10-03 15:45:18,781.Netflix_volume_consumer.INFO  [x] Done.
2023-10-03 15:45:18,782.Netflix_volume_consumer.INFO  [x] Received 11/13/2002,3231200
2023-10-03 15:45:18,782.Netflix_volume_consumer.INFO  [x] Done.
2023-10-03 15:45:18,783.Netflix_volume_consumer.INFO  [x] Received 11/14/2002,931000
2023-10-03 15:45:18,783.Netflix_volume_consumer.INFO  [x] Done.
2023-10-03 15:45:18,784.Netflix_volume_consumer.INFO  [x] Received 11/15/2002,2045400
2023-10-03 15:45:18,784.Netflix_volume_consumer.INFO  [x] Done.
2023-10-03 15:45:18,784.Netflix_volume_consumer.INFO  [x] Received 11/18/2002,10061800
2023-10-03 15:45:18,784.Netflix_volume_consumer.INFO  [x] Done.
2023-10-03 15:45:18,785.Netflix_volume_consumer.INFO  [x] Received 11/19/2002,28194600
2023-10-03 15:45:18,785.Netflix_volume_consumer.INFO  [x] Done.
2023-10-03 15:45:18,786.Netflix_volume_consumer.INFO  [x] Received 11/20/2002,10085600
2023-10-03 15:45:18,786.Netflix_volume_consumer.INFO  [x] Done.
2023-10-03 15:45:18,787.Netflix_volume_consumer.INFO  [x] Received 11/21/2002,10516800
2023-10-03 15:45:18,787.Netflix_volume_consumer.INFO  [x] Done.
2023-10-03 15:45:18,787.Netflix_volume_consumer.INFO  [x] Received 11/22/2002,4492600
2023-10-03 15:45:18,788.Netflix_volume_consumer.INFO  [x] Done.
2023-10-03 15:45:18,788.Netflix_volume_consumer.INFO  [x] Received 11/25/2002,4771200
2023-10-03 15:45:18,788.Netflix_volume_consumer.INFO  [x] Done.
2023-10-03 15:45:18,789.Netflix_volume_consumer.INFO  [x] Received 11/26/2002,1771000
2023-10-03 15:45:18,789.Netflix_volume_consumer.INFO  [x] Done.
2023-10-03 15:45:18,790.Netflix_volume_consumer.INFO  [x] Received 11/27/2002,1069600
2023-10-03 15:45:18,790.Netflix_volume_consumer.INFO  [x] Done.
2023-10-03 15:45:18,791.Netflix_volume_consumer.INFO  [x] Received 11/29/2002,932400
2023-10-03 15:45:18,791.Netflix_volume_consumer.INFO  [x] Done.
2023-10-03 15:45:18,792.Netflix_volume_consumer.INFO  [x] Received 12/2/2002,2009000
2023-10-03 15:45:18,792.Netflix_volume_consumer.INFO  [x] Done.
2023-10-03 15:45:18,792.Netflix_volume_consumer.INFO  [x] Received 12/3/2002,1164800
2023-10-03 15:45:18,792.Netflix_volume_consumer.INFO  [x] Done.
2023-10-03 15:45:18,793.Netflix_volume_consumer.INFO  [x] Received 12/4/2002,2468200
2023-10-03 15:45:18,793.Netflix_volume_consumer.INFO  [x] Done.
2023-10-03 15:45:18,794.Netflix_volume_consumer.INFO  [x] Received 12/5/2002,12632200
2023-10-03 15:45:18,794.Netflix_volume_consumer.INFO  [x] Done.
2023-10-03 15:45:18,794.Netflix_volume_consumer.INFO  [x] Received 12/6/2002,3883600
2023-10-03 15:45:18,795.Netflix_volume_consumer.INFO  [x] Done.
2023-10-03 15:45:18,797.Netflix_volume_consumer.INFO  [x] Received 12/9/2002,4068400
2023-10-03 15:45:18,797.Netflix_volume_consumer.INFO  [x] Done.
2023-10-03 15:45:18,798.Netflix_volume_consumer.INFO  [x] Received 12/10/2002,3236800
2023-10-03 15:45:18,798.Netflix_volume_consumer.INFO  [x] Done.
2023-10-03 15:45:18,799.Netflix_volume_consumer.INFO  [x] Received 12/11/2002,4895800
2023-10-03 15:45:18,799.Netflix_volume_consumer.INFO  [x] Done.
2023-10-03 15:45:18,800.Netflix_volume_consumer.INFO  [x] Received 12/12/2002,2534000
2023-10-03 15:45:18,800.Netflix_volume_consumer.INFO  [x] Done.
2023-10-03 15:45:18,801.Netflix_volume_consumer.INFO  [x] Received 12/13/2002,1395800
2023-10-03 15:45:18,801.Netflix_volume_consumer.INFO  [x] Done.
2023-10-03 15:45:18,801.Netflix_volume_consumer.INFO  [x] Received 12/16/2002,2098600
2023-10-03 15:45:18,801.Netflix_volume_consumer.INFO  [x] Done.
2023-10-03 15:45:18,802.Netflix_volume_consumer.INFO  [x] Received 12/17/2002,1680000
2023-10-03 15:45:18,802.Netflix_volume_consumer.INFO  [x] Done.
2023-10-03 15:45:18,803.Netflix_volume_consumer.INFO  [x] Received 12/18/2002,13378400
2023-10-03 15:45:18,803.Netflix_volume_consumer.INFO  [x] Done.
2023-10-03 15:45:18,804.Netflix_volume_consumer.INFO  [x] Received 12/19/2002,3781400
2023-10-03 15:45:18,804.Netflix_volume_consumer.INFO  [x] Done.
2023-10-03 15:45:18,804.Netflix_volume_consumer.INFO  [x] Received 12/20/2002,4384800
2023-10-03 15:45:18,804.Netflix_volume_consumer.INFO  [x] Done.
2023-10-03 15:45:18,805.Netflix_volume_consumer.INFO  [x] Received 12/23/2002,3311000
2023-10-03 15:45:18,805.Netflix_volume_consumer.INFO  [x] Done.
2023-10-03 15:45:18,806.Netflix_volume_consumer.INFO  [x] Received 12/24/2002,4895800
2023-10-03 15:45:18,806.Netflix_volume_consumer.INFO  [x] Done.
2023-10-03 15:45:18,807.Netflix_volume_consumer.INFO  [x] Received 12/26/2002,2122400
2023-10-03 15:45:18,807.Netflix_volume_consumer.INFO  [x] Done.
2023-10-03 15:45:18,808.Netflix_volume_consumer.INFO  [x] Received 12/27/2002,4592000
2023-10-03 15:45:18,808.Netflix_volume_consumer.INFO  [x] Done.
2023-10-03 15:45:18,809.Netflix_volume_consumer.INFO  [x] Received 12/30/2002,5198200
2023-10-03 15:45:18,809.Netflix_volume_consumer.INFO  [x] Done.
2023-10-03 15:45:18,809.Netflix_volume_consumer.INFO  [x] Received 12/31/2002,11369400
2023-10-03 15:45:18,809.Netflix_volume_consumer.INFO  [x] Done.
2023-10-03 15:45:18,812.Netflix_volume_consumer.INFO  [x] Received 1/2/2003,8397200
2023-10-03 15:45:18,812.Netflix_volume_consumer.INFO  [x] Done.
2023-10-03 15:45:18,813.Netflix_volume_consumer.INFO  [x] Received 1/3/2003,3248000
2023-10-03 15:45:18,813.Netflix_volume_consumer.INFO  [x] Done.
2023-10-03 15:45:18,813.Netflix_volume_consumer.INFO  [x] Received 1/6/2003,3003000
2023-10-03 15:45:18,814.Netflix_volume_consumer.INFO  [x] Done.
2023-10-03 15:45:18,814.Netflix_volume_consumer.INFO  [x] Received 1/7/2003,1937600
2023-10-03 15:45:18,814.Netflix_volume_consumer.INFO  [x] Done.
2023-10-03 15:45:18,815.Netflix_volume_consumer.INFO  [x] Received 1/8/2003,5356400
2023-10-03 15:45:18,815.Netflix_volume_consumer.INFO  [x] Done.
2023-10-03 15:45:18,816.Netflix_volume_consumer.INFO  [x] Received 1/9/2003,5322800
2023-10-03 15:45:18,816.Netflix_volume_consumer.INFO  [x] Done.
2023-10-03 15:45:18,816.Netflix_volume_consumer.INFO  [x] Received 1/10/2003,5434800
2023-10-03 15:45:18,817.Netflix_volume_consumer.INFO  [x] Done.
2023-10-03 15:45:18,817.Netflix_volume_consumer.INFO  [x] Received 1/13/2003,4408600
2023-10-03 15:45:18,817.Netflix_volume_consumer.INFO  [x] Done.
2023-10-03 15:45:18,818.Netflix_volume_consumer.INFO  [x] Received 1/14/2003,2549400
2023-10-03 15:45:18,818.Netflix_volume_consumer.INFO  [x] Done.
2023-10-03 15:45:18,819.Netflix_volume_consumer.INFO  [x] Received 1/15/2003,9430400
2023-10-03 15:45:18,819.Netflix_volume_consumer.INFO  [x] Done.
2023-10-03 15:45:18,820.Netflix_volume_consumer.INFO  [x] Received 1/16/2003,18653600
2023-10-03 15:45:18,820.Netflix_volume_consumer.INFO  [x] Done.
2023-10-03 15:45:18,821.Netflix_volume_consumer.INFO  [x] Received 1/17/2003,5364800
2023-10-03 15:45:18,821.Netflix_volume_consumer.INFO  [x] Done.
2023-10-03 15:45:18,821.Netflix_volume_consumer.INFO  [x] Received 1/21/2003,6081600
2023-10-03 15:45:18,821.Netflix_volume_consumer.INFO  [x] Done.
2023-10-03 15:45:18,822.Netflix_volume_consumer.INFO  [x] Received 1/22/2003,4173400
2023-10-03 15:45:18,822.Netflix_volume_consumer.INFO  [x] Done.
2023-10-03 15:45:18,823.Netflix_volume_consumer.INFO  [x] Received 1/23/2003,7219800
2023-10-03 15:45:18,823.Netflix_volume_consumer.INFO  [x] Done.
2023-10-03 15:45:18,824.Netflix_volume_consumer.INFO  [x] Received 1/24/2003,6353200
2023-10-03 15:45:18,824.Netflix_volume_consumer.INFO  [x] Done.
2023-10-03 15:45:18,825.Netflix_volume_consumer.INFO  [x] Received 1/27/2003,3439800
2023-10-03 15:45:18,826.Netflix_volume_consumer.INFO  [x] Done.
2023-10-03 15:45:18,827.Netflix_volume_consumer.INFO  [x] Received 1/28/2003,4946200
2023-10-03 15:45:18,827.Netflix_volume_consumer.INFO  [x] Done.
2023-10-03 15:45:19,518.Netflix_volume_consumer.INFO  [x] Received 1/29/2003,2956800
2023-10-03 15:45:19,518.Netflix_volume_consumer.INFO  [x] Done.
2023-10-03 15:45:20,553.Netflix_volume_consumer.INFO  [x] Received 1/30/2003,3700200
2023-10-03 15:45:20,553.Netflix_volume_consumer.INFO  [x] Done.
2023-10-03 15:45:21,580.Netflix_volume_consumer.INFO  [x] Received 1/31/2003,4019400
2023-10-03 15:45:21,580.Netflix_volume_consumer.INFO  [x] Done.
2023-10-03 15:45:22,614.Netflix_volume_consumer.INFO  [x] Received 2/3/2003,2836400
2023-10-03 15:45:22,615.Netflix_volume_consumer.INFO  [x] Done.
2023-10-03 15:45:23,646.Netflix_volume_consumer.INFO  [x] Received 2/4/2003,2039800
2023-10-03 15:45:23,646.Netflix_volume_consumer.INFO  [x] Done.
2023-10-03 15:45:24,673.Netflix_volume_consumer.INFO  [x] Received 2/5/2003,3484600
2023-10-03 15:45:24,673.Netflix_volume_consumer.INFO  [x] Done.
2023-10-03 15:45:25,708.Netflix_volume_consumer.INFO  [x] Received 2/6/2003,3735200
2023-10-03 15:45:25,708.Netflix_volume_consumer.INFO  [x] Done.
2023-10-03 15:45:26,747.Netflix_volume_consumer.INFO  [x] Received 2/7/2003,5016200
2023-10-03 15:45:26,747.Netflix_volume_consumer.INFO  [x] Done.
2023-10-03 15:45:27,783.Netflix_volume_consumer.INFO  [x] Received 2/10/2003,7305200
2023-10-03 15:45:27,783.Netflix_volume_consumer.INFO  [x] Done.
2023-10-03 15:45:28,828.Netflix_volume_consumer.INFO  [x] Received 2/11/2003,4790800
2023-10-03 15:45:28,828.Netflix_volume_consumer.INFO  [x] Done.
2023-10-03 15:45:29,872.Netflix_volume_consumer.INFO  [x] Received 2/12/2003,5615400
2023-10-03 15:45:29,872.Netflix_volume_consumer.INFO  [x] Done.
2023-10-03 15:45:30,912.Netflix_volume_consumer.INFO  [x] Received 2/13/2003,6092800
2023-10-03 15:45:30,912.Netflix_volume_consumer.INFO  [x] Done.
2023-10-03 15:45:31,941.Netflix_volume_consumer.INFO  [x] Received 2/14/2003,8435000
2023-10-03 15:45:31,942.Netflix_volume_consumer.INFO  [x] Done.
2023-10-03 15:45:32,982.Netflix_volume_consumer.INFO  [x] Received 2/18/2003,6267800
2023-10-03 15:45:32,983.Netflix_volume_consumer.INFO  [x] Done.
2023-10-03 15:45:34,007.Netflix_volume_consumer.INFO  [x] Received 2/19/2003,5118400
2023-10-03 15:45:34,007.Netflix_volume_consumer.INFO  [x] Done.
2023-10-03 15:45:35,035.Netflix_volume_consumer.INFO  [x] Received 2/20/2003,6339200
2023-10-03 15:45:35,035.Netflix_volume_consumer.INFO  [x] Done.
2023-10-03 15:45:36,074.Netflix_volume_consumer.INFO  [x] Received 2/21/2003,6255200
2023-10-03 15:45:36,074.Netflix_volume_consumer.INFO  [x] Done.
2023-10-03 15:45:37,106.Netflix_volume_consumer.INFO  [x] Received 2/24/2003,12339600
2023-10-03 15:45:37,106.Netflix_volume_consumer.INFO  [x] Done.
2023-10-03 15:45:38,145.Netflix_volume_consumer.INFO  [x] Received 2/25/2003,4629800
2023-10-03 15:45:38,145.Netflix_volume_consumer.INFO  [x] Done.
2023-10-03 15:45:39,185.Netflix_volume_consumer.INFO  [x] Received 2/26/2003,3878000
2023-10-03 15:45:39,185.Netflix_volume_consumer.INFO  [x] Done.
2023-10-03 15:45:40,218.Netflix_volume_consumer.INFO  [x] Received 2/27/2003,23119600
2023-10-03 15:45:40,218.Netflix_volume_consumer.INFO  [x] Done.
2023-10-03 15:45:41,258.Netflix_volume_consumer.INFO  [x] Received 2/28/2003,11879000
2023-10-03 15:45:41,258.Netflix_volume_consumer.INFO  [x] Done.
2023-10-03 15:45:42,301.Netflix_volume_consumer.INFO  [x] Received 3/3/2003,15797600
2023-10-03 15:45:42,301.Netflix_volume_consumer.INFO  [x] Done.
2023-10-03 15:45:43,340.Netflix_volume_consumer.INFO  [x] Received 3/4/2003,5565000
2023-10-03 15:45:43,341.Netflix_volume_consumer.INFO  [x] Done.
2023-10-03 15:45:44,378.Netflix_volume_consumer.INFO  [x] Received 3/5/2003,3498600
2023-10-03 15:45:44,378.Netflix_volume_consumer.INFO  [x] Done.
2023-10-03 15:45:45,412.Netflix_volume_consumer.INFO  [x] Received 3/6/2003,3455200
2023-10-03 15:45:45,412.Netflix_volume_consumer.INFO  [x] Done.
2023-10-03 15:45:46,437.Netflix_volume_consumer.INFO  [x] Received 3/7/2003,4853800
2023-10-03 15:45:46,437.Netflix_volume_consumer.INFO  [x] Done.
2023-10-03 15:45:47,467.Netflix_volume_consumer.INFO  [x] Received 3/10/2003,3424400
2023-10-03 15:45:47,467.Netflix_volume_consumer.INFO  [x] Done.
2023-10-03 15:45:48,489.Netflix_volume_consumer.INFO  [x] Received 3/11/2003,5531400
2023-10-03 15:45:48,489.Netflix_volume_consumer.INFO  [x] Done.
2023-10-03 15:45:49,521.Netflix_volume_consumer.INFO  [x] Received 3/12/2003,5751200
2023-10-03 15:45:49,521.Netflix_volume_consumer.INFO  [x] Done.
2023-10-03 15:45:50,547.Netflix_volume_consumer.INFO  [x] Received 3/13/2003,7560000
2023-10-03 15:45:50,547.Netflix_volume_consumer.INFO  [x] Done.
2023-10-03 15:45:51,580.Netflix_volume_consumer.INFO  [x] Received 3/14/2003,6129200
2023-10-03 15:45:51,581.Netflix_volume_consumer.INFO  [x] Done.
2023-10-03 15:45:52,605.Netflix_volume_consumer.INFO  [x] Received 3/17/2003,16616600
2023-10-03 15:45:52,606.Netflix_volume_consumer.INFO  [x] Done.
2023-10-03 15:45:53,633.Netflix_volume_consumer.INFO  [x] Received 3/18/2003,21091000
2023-10-03 15:45:53,633.Netflix_volume_consumer.INFO  [x] Done.
2023-10-03 15:45:54,668.Netflix_volume_consumer.INFO  [x] Received 3/19/2003,16062200
2023-10-03 15:45:54,669.Netflix_volume_consumer.INFO  [x] Done.
2023-10-03 15:45:55,695.Netflix_volume_consumer.INFO  [x] Received 3/20/2003,14603400
2023-10-03 15:45:55,695.Netflix_volume_consumer.INFO  [x] Done.
2023-10-03 15:45:56,721.Netflix_volume_consumer.INFO  [x] Received 3/21/2003,8150800
2023-10-03 15:45:56,721.Netflix_volume_consumer.INFO  [x] Done.
2023-10-03 15:45:57,749.Netflix_volume_consumer.INFO  [x] Received 3/24/2003,8996400
2023-10-03 15:45:57,749.Netflix_volume_consumer.INFO  [x] Done.
2023-10-03 15:45:58,776.Netflix_volume_consumer.INFO  [x] Received 3/25/2003,12602800
2023-10-03 15:45:58,776.Netflix_volume_consumer.INFO  [x] Done.
2023-10-03 15:45:59,802.Netflix_volume_consumer.INFO  [x] Received 3/26/2003,18580800
2023-10-03 15:45:59,803.Netflix_volume_consumer.INFO  [x] Done.
2023-10-03 15:46:00,853.Netflix_volume_consumer.INFO  [x] Received 3/27/2003,30632000
2023-10-03 15:46:00,853.Netflix_volume_consumer.INFO  [x] Done.
2023-10-03 15:46:01,886.Netflix_volume_consumer.INFO  [x] Received 3/28/2003,26143600
2023-10-03 15:46:01,886.Netflix_volume_consumer.INFO  [x] Done.
2023-10-03 15:46:02,928.Netflix_volume_consumer.INFO  [x] Received 3/31/2003,8283800
2023-10-03 15:46:02,929.Netflix_volume_consumer.INFO  [x] Done.
2023-10-03 15:46:03,957.Netflix_volume_consumer.INFO  [x] Received 4/1/2003,17019800
2023-10-03 15:46:03,958.Netflix_volume_consumer.INFO  [x] Done.
2023-10-03 15:46:04,986.Netflix_volume_consumer.INFO  [x] Received 4/2/2003,22761200
2023-10-03 15:46:04,986.Netflix_volume_consumer.INFO  [x] Done.
2023-10-03 15:46:06,012.Netflix_volume_consumer.INFO  [x] Received 4/3/2003,8033200
2023-10-03 15:46:06,012.Netflix_volume_consumer.INFO  [x] Done.
2023-10-03 15:46:07,048.Netflix_volume_consumer.INFO  [x] Received 4/4/2003,5884200
2023-10-03 15:46:07,048.Netflix_volume_consumer.INFO  [x] Done.
2023-10-03 15:46:08,076.Netflix_volume_consumer.INFO  [x] Received 4/7/2003,10315200
2023-10-03 15:46:08,076.Netflix_volume_consumer.INFO  [x] Done.
2023-10-03 15:46:09,105.Netflix_volume_consumer.INFO  [x] Received 4/8/2003,6265000
2023-10-03 15:46:09,106.Netflix_volume_consumer.INFO  [x] Done.
2023-10-03 15:46:10,140.Netflix_volume_consumer.INFO  [x] Received 4/9/2003,5864600
2023-10-03 15:46:10,140.Netflix_volume_consumer.INFO  [x] Done.
2023-10-03 15:46:11,179.Netflix_volume_consumer.INFO  [x] Received 4/10/2003,5419400
2023-10-03 15:46:11,179.Netflix_volume_consumer.INFO  [x] Done.
2023-10-03 15:46:12,209.Netflix_volume_consumer.INFO  [x] Received 4/11/2003,4790800
2023-10-03 15:46:12,209.Netflix_volume_consumer.INFO  [x] Done.
2023-10-03 15:46:13,234.Netflix_volume_consumer.INFO  [x] Received 4/14/2003,5355000
2023-10-03 15:46:13,234.Netflix_volume_consumer.INFO  [x] Done.
2023-10-03 15:46:14,261.Netflix_volume_consumer.INFO  [x] Received 4/15/2003,6311200
2023-10-03 15:46:14,261.Netflix_volume_consumer.INFO  [x] Done.
2023-10-03 15:46:15,294.Netflix_volume_consumer.INFO  [x] Received 4/16/2003,4533200
2023-10-03 15:46:15,294.Netflix_volume_consumer.INFO  [x] Done.
2023-10-03 15:46:16,335.Netflix_volume_consumer.INFO  [x] Received 4/17/2003,13462400
2023-10-03 15:46:16,335.Netflix_volume_consumer.INFO  [x] Done.
2023-10-03 15:46:17,357.Netflix_volume_consumer.INFO  [x] Received 4/21/2003,48573000
2023-10-03 15:46:17,357.Netflix_volume_consumer.INFO  [x] Done.
2023-10-03 15:46:18,407.Netflix_volume_consumer.INFO  [x] Received 4/22/2003,30570400
2023-10-03 15:46:18,407.Netflix_volume_consumer.INFO  [x] Done.
2023-10-03 15:46:19,436.Netflix_volume_consumer.INFO  [x] Received 4/23/2003,36787800
2023-10-03 15:46:19,436.Netflix_volume_consumer.INFO  [x] Done.
2023-10-03 15:46:20,463.Netflix_volume_consumer.INFO  [x] Received 4/24/2003,35765800
2023-10-03 15:46:20,464.Netflix_volume_consumer.INFO  [x] Done.
2023-10-03 15:46:21,496.Netflix_volume_consumer.INFO  [x] Received 4/25/2003,14922600
2023-10-03 15:46:21,497.Netflix_volume_consumer.INFO  [x] Done.
2023-10-03 15:46:22,540.Netflix_volume_consumer.INFO  [x] Received 4/28/2003,22727600
2023-10-03 15:46:22,541.Netflix_volume_consumer.INFO  [x] Done.
2023-10-03 15:46:23,565.Netflix_volume_consumer.INFO  [x] Received 4/29/2003,20129200
2023-10-03 15:46:23,566.Netflix_volume_consumer.INFO  [x] Done.
2023-10-03 15:46:24,601.Netflix_volume_consumer.INFO  [x] Received 4/30/2003,11071200
2023-10-03 15:46:24,602.Netflix_volume_consumer.INFO  [x] Done.
2023-10-03 15:46:25,638.Netflix_volume_consumer.INFO  [x] Received 5/1/2003,14984200
2023-10-03 15:46:25,639.Netflix_volume_consumer.INFO  [x] Done.
2023-10-03 15:46:26,675.Netflix_volume_consumer.INFO  [x] Received 5/2/2003,12334000
2023-10-03 15:46:26,675.Netflix_volume_consumer.INFO  [x] Done.
2023-10-03 15:46:27,710.Netflix_volume_consumer.INFO  [x] Received 5/5/2003,14449400
2023-10-03 15:46:27,710.Netflix_volume_consumer.INFO  [x] Done.
2023-10-03 15:46:28,735.Netflix_volume_consumer.INFO  [x] Received 5/6/2003,14964600
2023-10-03 15:46:28,735.Netflix_volume_consumer.INFO  [x] Done.
2023-10-03 15:46:29,760.Netflix_volume_consumer.INFO 
Closing connection. Goodbye.

